2013-11-01 12:05:44,545 - [INFO] - from play in play-akka.actor.default-dispatcher-1 
Application started (Dev)

2013-11-01 12:06:46,496 - [INFO] - from play in play-akka.actor.default-dispatcher-6 
Application started (Dev)

2013-11-01 12:06:58,358 - [ERROR] - from application in play-akka.actor.actions-dispatcher-9 


! @6g5pjf12h - Internal server error, for request [GET /roster] ->

play.core.ActionInvoker$$anonfun$receive$1$$anon$1: Execution exception [[AuthenticationFailedException: null]]
	at play.core.ActionInvoker$$anonfun$receive$1.apply(Invoker.scala:134) [play_2.9.1-2.0.4.jar:2.0.4]
	at play.core.ActionInvoker$$anonfun$receive$1.apply(Invoker.scala:115) [play_2.9.1-2.0.4.jar:2.0.4]
	at akka.actor.Actor$class.apply(Actor.scala:318) [akka-actor-2.0.2.jar:2.0.2]
	at play.core.ActionInvoker.apply(Invoker.scala:113) [play_2.9.1-2.0.4.jar:2.0.4]
	at akka.actor.ActorCell.invoke(ActorCell.scala:626) [akka-actor-2.0.2.jar:2.0.2]
	at akka.dispatch.Mailbox.processMailbox(Mailbox.scala:197) [akka-actor-2.0.2.jar:2.0.2]
	at akka.dispatch.Mailbox.run(Mailbox.scala:179) [akka-actor-2.0.2.jar:2.0.2]
	at akka.dispatch.ForkJoinExecutorConfigurator$MailboxExecutionTask.exec(AbstractDispatcher.scala:516) [akka-actor-2.0.2.jar:2.0.2]
	at akka.jsr166y.ForkJoinTask.doExec(ForkJoinTask.java:259) [akka-actor-2.0.2.jar:2.0.2]
	at akka.jsr166y.ForkJoinPool$WorkQueue.runTask(ForkJoinPool.java:975) [akka-actor-2.0.2.jar:2.0.2]
	at akka.jsr166y.ForkJoinPool.runWorker(ForkJoinPool.java:1479) [akka-actor-2.0.2.jar:2.0.2]
	at akka.jsr166y.ForkJoinWorkerThread.run(ForkJoinWorkerThread.java:104) [akka-actor-2.0.2.jar:2.0.2]
Caused by: javax.mail.AuthenticationFailedException: null
	at javax.mail.Service.connect(Service.java:306) ~[mail-1.4.jar:1.4]
	at javax.mail.Service.connect(Service.java:156) ~[mail-1.4.jar:1.4]
	at javax.mail.Service.connect(Service.java:105) ~[mail-1.4.jar:1.4]
	at models.MailSender.test(MailSender.scala:48) ~[classes/:na]
	at controllers.Application$$anonfun$roster$1$$anonfun$apply$5$$anonfun$apply$6.apply(Application.scala:27) ~[classes/:2.0.4]
	at controllers.Application$$anonfun$roster$1$$anonfun$apply$5$$anonfun$apply$6.apply(Application.scala:24) ~[classes/:2.0.4]
	at controllers.Secured$$anonfun$IsAuthenticated$3$$anonfun$apply$3$$anonfun$apply$4.apply(Login.scala:73) ~[classes/:2.0.4]
	at controllers.Secured$$anonfun$IsAuthenticated$3$$anonfun$apply$3$$anonfun$apply$4.apply(Login.scala:73) ~[classes/:2.0.4]
	at play.api.mvc.Action$$anon$1.apply(Action.scala:170) ~[play_2.9.1-2.0.4.jar:2.0.4]
	at play.api.mvc.Security$$anonfun$Authenticated$1.apply(Security.scala:55) ~[play_2.9.1-2.0.4.jar:2.0.4]
	at play.api.mvc.Security$$anonfun$Authenticated$1.apply(Security.scala:53) ~[play_2.9.1-2.0.4.jar:2.0.4]
	at play.api.mvc.Action$$anon$1.apply(Action.scala:170) ~[play_2.9.1-2.0.4.jar:2.0.4]
	at play.core.ActionInvoker$$anonfun$receive$1$$anonfun$6.apply(Invoker.scala:126) ~[play_2.9.1-2.0.4.jar:2.0.4]
	at play.core.ActionInvoker$$anonfun$receive$1$$anonfun$6.apply(Invoker.scala:126) ~[play_2.9.1-2.0.4.jar:2.0.4]
	at play.utils.Threads$.withContextClassLoader(Threads.scala:17) ~[play_2.9.1-2.0.4.jar:2.0.4]
	at play.core.ActionInvoker$$anonfun$receive$1.apply(Invoker.scala:125) [play_2.9.1-2.0.4.jar:2.0.4]
	... 11 common frames omitted

2013-11-01 12:08:26,248 - [INFO] - from play in play-akka.actor.default-dispatcher-7 
Application started (Dev)

2013-11-01 12:08:26,311 - [ERROR] - from application in play-akka.actor.actions-dispatcher-9 


! @6g5pjf12i - Internal server error, for request [GET /roster] ->

play.core.ActionInvoker$$anonfun$receive$1$$anon$1: Execution exception [[SecurityException: Access to default session denied]]
	at play.core.ActionInvoker$$anonfun$receive$1.apply(Invoker.scala:134) [play_2.9.1-2.0.4.jar:2.0.4]
	at play.core.ActionInvoker$$anonfun$receive$1.apply(Invoker.scala:115) [play_2.9.1-2.0.4.jar:2.0.4]
	at akka.actor.Actor$class.apply(Actor.scala:318) [akka-actor-2.0.2.jar:2.0.2]
	at play.core.ActionInvoker.apply(Invoker.scala:113) [play_2.9.1-2.0.4.jar:2.0.4]
	at akka.actor.ActorCell.invoke(ActorCell.scala:626) [akka-actor-2.0.2.jar:2.0.2]
	at akka.dispatch.Mailbox.processMailbox(Mailbox.scala:197) [akka-actor-2.0.2.jar:2.0.2]
	at akka.dispatch.Mailbox.run(Mailbox.scala:179) [akka-actor-2.0.2.jar:2.0.2]
	at akka.dispatch.ForkJoinExecutorConfigurator$MailboxExecutionTask.exec(AbstractDispatcher.scala:516) [akka-actor-2.0.2.jar:2.0.2]
	at akka.jsr166y.ForkJoinTask.doExec(ForkJoinTask.java:259) [akka-actor-2.0.2.jar:2.0.2]
	at akka.jsr166y.ForkJoinPool$WorkQueue.runTask(ForkJoinPool.java:975) [akka-actor-2.0.2.jar:2.0.2]
	at akka.jsr166y.ForkJoinPool.runWorker(ForkJoinPool.java:1479) [akka-actor-2.0.2.jar:2.0.2]
	at akka.jsr166y.ForkJoinWorkerThread.run(ForkJoinWorkerThread.java:104) [akka-actor-2.0.2.jar:2.0.2]
Caused by: java.lang.SecurityException: Access to default session denied
	at javax.mail.Session.getDefaultInstance(Session.java:311) ~[mail-1.4.jar:1.4]
	at models.MailSender.test(MailSender.scala:27) ~[classes/:na]
	at controllers.Application$$anonfun$roster$1$$anonfun$apply$5$$anonfun$apply$6.apply(Application.scala:27) ~[classes/:2.0.4]
	at controllers.Application$$anonfun$roster$1$$anonfun$apply$5$$anonfun$apply$6.apply(Application.scala:24) ~[classes/:2.0.4]
	at controllers.Secured$$anonfun$IsAuthenticated$3$$anonfun$apply$3$$anonfun$apply$4.apply(Login.scala:73) ~[classes/:2.0.4]
	at controllers.Secured$$anonfun$IsAuthenticated$3$$anonfun$apply$3$$anonfun$apply$4.apply(Login.scala:73) ~[classes/:2.0.4]
	at play.api.mvc.Action$$anon$1.apply(Action.scala:170) ~[play_2.9.1-2.0.4.jar:2.0.4]
	at play.api.mvc.Security$$anonfun$Authenticated$1.apply(Security.scala:55) ~[play_2.9.1-2.0.4.jar:2.0.4]
	at play.api.mvc.Security$$anonfun$Authenticated$1.apply(Security.scala:53) ~[play_2.9.1-2.0.4.jar:2.0.4]
	at play.api.mvc.Action$$anon$1.apply(Action.scala:170) ~[play_2.9.1-2.0.4.jar:2.0.4]
	at play.core.ActionInvoker$$anonfun$receive$1$$anonfun$6.apply(Invoker.scala:126) ~[play_2.9.1-2.0.4.jar:2.0.4]
	at play.core.ActionInvoker$$anonfun$receive$1$$anonfun$6.apply(Invoker.scala:126) ~[play_2.9.1-2.0.4.jar:2.0.4]
	at play.utils.Threads$.withContextClassLoader(Threads.scala:17) ~[play_2.9.1-2.0.4.jar:2.0.4]
	at play.core.ActionInvoker$$anonfun$receive$1.apply(Invoker.scala:125) [play_2.9.1-2.0.4.jar:2.0.4]
	... 11 common frames omitted

2013-11-01 12:12:47,059 - [INFO] - from play in play-akka.actor.default-dispatcher-2 
Application started (Dev)

2013-11-01 12:12:48,139 - [ERROR] - from play in play-akka.actor.promises-dispatcher-3 
Cannot invoke the action, eventually got an error: Thrown(akka.pattern.AskTimeoutException: Timed out)

2013-11-01 12:12:48,139 - [ERROR] - from play in play-akka.actor.promises-dispatcher-2 
Cannot invoke the action, eventually got an error: Thrown(akka.pattern.AskTimeoutException: Timed out)

2013-11-01 12:20:30,490 - [INFO] - from play in play-akka.actor.default-dispatcher-2 
Application started (Dev)

2013-11-01 12:20:30,572 - [ERROR] - from application in play-akka.actor.actions-dispatcher-13 


! @6g5pkbnbd - Internal server error, for request [GET /roster] ->

play.core.ActionInvoker$$anonfun$receive$1$$anon$1: Execution exception [[SecurityException: Access to default session denied]]
	at play.core.ActionInvoker$$anonfun$receive$1.apply(Invoker.scala:134) [play_2.9.1-2.0.4.jar:2.0.4]
	at play.core.ActionInvoker$$anonfun$receive$1.apply(Invoker.scala:115) [play_2.9.1-2.0.4.jar:2.0.4]
	at akka.actor.Actor$class.apply(Actor.scala:318) [akka-actor-2.0.2.jar:2.0.2]
	at play.core.ActionInvoker.apply(Invoker.scala:113) [play_2.9.1-2.0.4.jar:2.0.4]
	at akka.actor.ActorCell.invoke(ActorCell.scala:626) [akka-actor-2.0.2.jar:2.0.2]
	at akka.dispatch.Mailbox.processMailbox(Mailbox.scala:197) [akka-actor-2.0.2.jar:2.0.2]
	at akka.dispatch.Mailbox.run(Mailbox.scala:179) [akka-actor-2.0.2.jar:2.0.2]
	at akka.dispatch.ForkJoinExecutorConfigurator$MailboxExecutionTask.exec(AbstractDispatcher.scala:516) [akka-actor-2.0.2.jar:2.0.2]
	at akka.jsr166y.ForkJoinTask.doExec(ForkJoinTask.java:259) [akka-actor-2.0.2.jar:2.0.2]
	at akka.jsr166y.ForkJoinPool$WorkQueue.runTask(ForkJoinPool.java:975) [akka-actor-2.0.2.jar:2.0.2]
	at akka.jsr166y.ForkJoinPool.runWorker(ForkJoinPool.java:1479) [akka-actor-2.0.2.jar:2.0.2]
	at akka.jsr166y.ForkJoinWorkerThread.run(ForkJoinWorkerThread.java:104) [akka-actor-2.0.2.jar:2.0.2]
Caused by: java.lang.SecurityException: Access to default session denied
	at javax.mail.Session.getDefaultInstance(Session.java:311) ~[mail-1.4.jar:1.4]
	at models.MailSender.test(MailSender.scala:27) ~[classes/:na]
	at controllers.Application$$anonfun$roster$1$$anonfun$apply$5$$anonfun$apply$6.apply(Application.scala:27) ~[classes/:2.0.4]
	at controllers.Application$$anonfun$roster$1$$anonfun$apply$5$$anonfun$apply$6.apply(Application.scala:24) ~[classes/:2.0.4]
	at controllers.Secured$$anonfun$IsAuthenticated$3$$anonfun$apply$3$$anonfun$apply$4.apply(Login.scala:73) ~[classes/:2.0.4]
	at controllers.Secured$$anonfun$IsAuthenticated$3$$anonfun$apply$3$$anonfun$apply$4.apply(Login.scala:73) ~[classes/:2.0.4]
	at play.api.mvc.Action$$anon$1.apply(Action.scala:170) ~[play_2.9.1-2.0.4.jar:2.0.4]
	at play.api.mvc.Security$$anonfun$Authenticated$1.apply(Security.scala:55) ~[play_2.9.1-2.0.4.jar:2.0.4]
	at play.api.mvc.Security$$anonfun$Authenticated$1.apply(Security.scala:53) ~[play_2.9.1-2.0.4.jar:2.0.4]
	at play.api.mvc.Action$$anon$1.apply(Action.scala:170) ~[play_2.9.1-2.0.4.jar:2.0.4]
	at play.core.ActionInvoker$$anonfun$receive$1$$anonfun$6.apply(Invoker.scala:126) ~[play_2.9.1-2.0.4.jar:2.0.4]
	at play.core.ActionInvoker$$anonfun$receive$1$$anonfun$6.apply(Invoker.scala:126) ~[play_2.9.1-2.0.4.jar:2.0.4]
	at play.utils.Threads$.withContextClassLoader(Threads.scala:17) ~[play_2.9.1-2.0.4.jar:2.0.4]
	at play.core.ActionInvoker$$anonfun$receive$1.apply(Invoker.scala:125) [play_2.9.1-2.0.4.jar:2.0.4]
	... 11 common frames omitted

2013-11-01 12:20:58,185 - [ERROR] - from application in play-akka.actor.actions-dispatcher-14 


! @6g5pkbnbe - Internal server error, for request [GET /roster] ->

play.core.ActionInvoker$$anonfun$receive$1$$anon$1: Execution exception [[SecurityException: Access to default session denied]]
	at play.core.ActionInvoker$$anonfun$receive$1.apply(Invoker.scala:134) [play_2.9.1-2.0.4.jar:2.0.4]
	at play.core.ActionInvoker$$anonfun$receive$1.apply(Invoker.scala:115) [play_2.9.1-2.0.4.jar:2.0.4]
	at akka.actor.Actor$class.apply(Actor.scala:318) [akka-actor-2.0.2.jar:2.0.2]
	at play.core.ActionInvoker.apply(Invoker.scala:113) [play_2.9.1-2.0.4.jar:2.0.4]
	at akka.actor.ActorCell.invoke(ActorCell.scala:626) [akka-actor-2.0.2.jar:2.0.2]
	at akka.dispatch.Mailbox.processMailbox(Mailbox.scala:197) [akka-actor-2.0.2.jar:2.0.2]
	at akka.dispatch.Mailbox.run(Mailbox.scala:179) [akka-actor-2.0.2.jar:2.0.2]
	at akka.dispatch.ForkJoinExecutorConfigurator$MailboxExecutionTask.exec(AbstractDispatcher.scala:516) [akka-actor-2.0.2.jar:2.0.2]
	at akka.jsr166y.ForkJoinTask.doExec(ForkJoinTask.java:259) [akka-actor-2.0.2.jar:2.0.2]
	at akka.jsr166y.ForkJoinPool$WorkQueue.runTask(ForkJoinPool.java:975) [akka-actor-2.0.2.jar:2.0.2]
	at akka.jsr166y.ForkJoinPool.runWorker(ForkJoinPool.java:1479) [akka-actor-2.0.2.jar:2.0.2]
	at akka.jsr166y.ForkJoinWorkerThread.run(ForkJoinWorkerThread.java:104) [akka-actor-2.0.2.jar:2.0.2]
Caused by: java.lang.SecurityException: Access to default session denied
	at javax.mail.Session.getDefaultInstance(Session.java:311) ~[mail-1.4.jar:1.4]
	at models.MailSender.test(MailSender.scala:27) ~[classes/:na]
	at controllers.Application$$anonfun$roster$1$$anonfun$apply$5$$anonfun$apply$6.apply(Application.scala:27) ~[classes/:2.0.4]
	at controllers.Application$$anonfun$roster$1$$anonfun$apply$5$$anonfun$apply$6.apply(Application.scala:24) ~[classes/:2.0.4]
	at controllers.Secured$$anonfun$IsAuthenticated$3$$anonfun$apply$3$$anonfun$apply$4.apply(Login.scala:73) ~[classes/:2.0.4]
	at controllers.Secured$$anonfun$IsAuthenticated$3$$anonfun$apply$3$$anonfun$apply$4.apply(Login.scala:73) ~[classes/:2.0.4]
	at play.api.mvc.Action$$anon$1.apply(Action.scala:170) ~[play_2.9.1-2.0.4.jar:2.0.4]
	at play.api.mvc.Security$$anonfun$Authenticated$1.apply(Security.scala:55) ~[play_2.9.1-2.0.4.jar:2.0.4]
	at play.api.mvc.Security$$anonfun$Authenticated$1.apply(Security.scala:53) ~[play_2.9.1-2.0.4.jar:2.0.4]
	at play.api.mvc.Action$$anon$1.apply(Action.scala:170) ~[play_2.9.1-2.0.4.jar:2.0.4]
	at play.core.ActionInvoker$$anonfun$receive$1$$anonfun$6.apply(Invoker.scala:126) ~[play_2.9.1-2.0.4.jar:2.0.4]
	at play.core.ActionInvoker$$anonfun$receive$1$$anonfun$6.apply(Invoker.scala:126) ~[play_2.9.1-2.0.4.jar:2.0.4]
	at play.utils.Threads$.withContextClassLoader(Threads.scala:17) ~[play_2.9.1-2.0.4.jar:2.0.4]
	at play.core.ActionInvoker$$anonfun$receive$1.apply(Invoker.scala:125) [play_2.9.1-2.0.4.jar:2.0.4]
	... 11 common frames omitted

2013-11-01 12:26:25,743 - [INFO] - from play in play-akka.actor.default-dispatcher-10 
Application started (Dev)

2013-11-01 12:34:16,780 - [INFO] - from play in play-akka.actor.default-dispatcher-11 
Application started (Dev)

2013-11-01 12:39:53,491 - [INFO] - from play in play-akka.actor.default-dispatcher-12 
Application started (Dev)

2013-11-01 12:40:14,640 - [INFO] - from play in play-akka.actor.default-dispatcher-13 
Application started (Dev)

2013-11-01 12:40:20,168 - [INFO] - from play in play-akka.actor.default-dispatcher-13 
Application started (Dev)

2013-11-01 12:40:42,299 - [INFO] - from play in play-akka.actor.default-dispatcher-14 
Application started (Dev)

2013-11-01 12:42:11,320 - [ERROR] - from application in New I/O  worker #13 


! Internal server error, for request [GET /home] ->

sbt.PlayExceptions$CompilationException: Compilation error [Unit does not take parameters]
	at sbt.PlayReloader$$anon$2$$anonfun$reload$3$$anonfun$4$$anonfun$apply$12$$anonfun$apply$13.apply(PlayReloader.scala:236) ~[na:na]
	at sbt.PlayReloader$$anon$2$$anonfun$reload$3$$anonfun$4$$anonfun$apply$12$$anonfun$apply$13.apply(PlayReloader.scala:236) ~[na:na]
	at scala.Option.map(Option.scala:133) ~[scala-library.jar:0.12.1-gilt]
	at sbt.PlayReloader$$anon$2$$anonfun$reload$3$$anonfun$4$$anonfun$apply$12.apply(PlayReloader.scala:236) ~[na:na]
	at sbt.PlayReloader$$anon$2$$anonfun$reload$3$$anonfun$4$$anonfun$apply$12.apply(PlayReloader.scala:233) ~[na:na]
	at scala.Option.map(Option.scala:133) ~[scala-library.jar:0.12.1-gilt]
	at sbt.PlayReloader$$anon$2$$anonfun$reload$3$$anonfun$4.apply(PlayReloader.scala:233) ~[na:na]
	at sbt.PlayReloader$$anon$2$$anonfun$reload$3$$anonfun$4.apply(PlayReloader.scala:231) ~[na:na]
	at scala.Either$LeftProjection.map(Either.scala:183) ~[scala-library.jar:0.12.1-gilt]
	at sbt.PlayReloader$$anon$2$$anonfun$reload$3.apply(PlayReloader.scala:231) ~[na:na]
	at sbt.PlayReloader$$anon$2$$anonfun$reload$3.apply(PlayReloader.scala:226) ~[na:na]
	at scala.Option.getOrElse(Option.scala:108) ~[scala-library.jar:0.12.1-gilt]
	at sbt.PlayReloader$$anon$2.reload(PlayReloader.scala:226) ~[na:na]
	at play.core.ReloadableApplication$$anonfun$get$1.apply(ApplicationProvider.scala:110) ~[play_2.9.1-2.0.4.jar:2.0.4]
	at play.core.ReloadableApplication$$anonfun$get$1.apply(ApplicationProvider.scala:110) ~[play_2.9.1-2.0.4.jar:2.0.4]
	at akka.dispatch.Future$$anon$3.liftedTree1$1(Future.scala:195) ~[akka-actor-2.0.2.jar:2.0.2]
	at akka.dispatch.Future$$anon$3.run(Future.scala:194) ~[akka-actor-2.0.2.jar:2.0.2]
	at akka.dispatch.TaskInvocation.run(AbstractDispatcher.scala:94) ~[akka-actor-2.0.2.jar:2.0.2]
	at akka.jsr166y.ForkJoinTask$AdaptedRunnableAction.exec(ForkJoinTask.java:1381) ~[akka-actor-2.0.2.jar:2.0.2]
	at akka.jsr166y.ForkJoinTask.doExec(ForkJoinTask.java:259) ~[akka-actor-2.0.2.jar:2.0.2]
	at akka.jsr166y.ForkJoinPool$WorkQueue.runTask(ForkJoinPool.java:975) ~[akka-actor-2.0.2.jar:2.0.2]
	at akka.jsr166y.ForkJoinPool.runWorker(ForkJoinPool.java:1479) ~[akka-actor-2.0.2.jar:2.0.2]
	at akka.jsr166y.ForkJoinWorkerThread.run(ForkJoinWorkerThread.java:104) ~[akka-actor-2.0.2.jar:2.0.2]

2013-11-01 12:43:30,656 - [INFO] - from play in play-akka.actor.default-dispatcher-3 
Application started (Dev)

2013-11-01 12:45:32,248 - [INFO] - from play in play-akka.actor.default-dispatcher-4 
Application started (Dev)

2013-11-01 12:51:21,490 - [INFO] - from play in play-akka.actor.default-dispatcher-4 
Application started (Dev)

2013-11-01 12:55:19,998 - [INFO] - from play in play-akka.actor.default-dispatcher-9 
Application started (Dev)

2013-11-01 14:27:34,901 - [INFO] - from play in play-akka.actor.default-dispatcher-10 
Application started (Dev)

2013-11-01 14:27:34,925 - [ERROR] - from play.core.ActionInvoker in play-akka.actor.default-dispatcher-10 
Read operation to server paulo.mongohq.com/54.226.71.234:10048 failed on database app18602579
com.mongodb.MongoException$Network: Read operation to server paulo.mongohq.com/54.226.71.234:10048 failed on database app18602579
	at com.mongodb.DBTCPConnector.innerCall(DBTCPConnector.java:253) ~[mongo-java-driver-2.11.2.jar:na]
	at com.mongodb.DBTCPConnector.call(DBTCPConnector.java:216) ~[mongo-java-driver-2.11.2.jar:na]
	at com.mongodb.DBApiLayer$MyCollection.__find(DBApiLayer.java:288) ~[mongo-java-driver-2.11.2.jar:na]
	at com.mongodb.DBApiLayer$MyCollection.__find(DBApiLayer.java:273) ~[mongo-java-driver-2.11.2.jar:na]
	at com.mongodb.DBCollection.findOne(DBCollection.java:728) ~[mongo-java-driver-2.11.2.jar:na]
	at com.mongodb.DBCollection.findOne(DBCollection.java:670) ~[mongo-java-driver-2.11.2.jar:na]
	at com.mongodb.casbah.MongoCollectionBase$class.findOne(MongoCollection.scala:211) ~[casbah-core_2.9.1-2.6.2.jar:2.6.2]
	at com.mongodb.casbah.MongoCollection.findOne(MongoCollection.scala:866) ~[casbah-core_2.9.1-2.6.2.jar:2.6.2]
	at models.User$.findByEmail(User.scala:42) ~[classes/:na]
	at controllers.Secured$$anonfun$IsAuthenticated$3.apply(Login.scala:70) ~[classes/:2.0.4]
	at controllers.Secured$$anonfun$IsAuthenticated$3.apply(Login.scala:67) ~[classes/:2.0.4]
	at play.api.mvc.Security$$anonfun$1$$anonfun$apply$1.apply(Security.scala:44) ~[play_2.9.1-2.0.4.jar:2.0.4]
	at play.api.mvc.Security$$anonfun$1$$anonfun$apply$1.apply(Security.scala:43) ~[play_2.9.1-2.0.4.jar:2.0.4]
	at scala.Option.map(Option.scala:133) ~[scala-library.jar:0.12.1-gilt]
	at play.api.mvc.Security$$anonfun$1.apply(Security.scala:43) ~[play_2.9.1-2.0.4.jar:2.0.4]
	at play.api.mvc.Security$$anonfun$1.apply(Security.scala:42) ~[play_2.9.1-2.0.4.jar:2.0.4]
	at play.api.mvc.BodyParser$$anon$4.apply(Action.scala:142) ~[play_2.9.1-2.0.4.jar:2.0.4]
	at play.api.mvc.BodyParser$$anon$4.apply(Action.scala:141) ~[play_2.9.1-2.0.4.jar:2.0.4]
	at play.core.ActionInvoker$$anonfun$receive$1.apply(Invoker.scala:118) ~[play_2.9.1-2.0.4.jar:2.0.4]
	at play.core.ActionInvoker$$anonfun$receive$1.apply(Invoker.scala:115) ~[play_2.9.1-2.0.4.jar:2.0.4]
	at akka.actor.Actor$class.apply(Actor.scala:318) ~[akka-actor-2.0.2.jar:2.0.2]
	at play.core.ActionInvoker.apply(Invoker.scala:113) ~[play_2.9.1-2.0.4.jar:2.0.4]
	at akka.actor.ActorCell.invoke(ActorCell.scala:626) [akka-actor-2.0.2.jar:2.0.2]
	at akka.dispatch.Mailbox.processMailbox(Mailbox.scala:197) [akka-actor-2.0.2.jar:2.0.2]
	at akka.dispatch.Mailbox.run(Mailbox.scala:179) [akka-actor-2.0.2.jar:2.0.2]
	at akka.dispatch.ForkJoinExecutorConfigurator$MailboxExecutionTask.exec(AbstractDispatcher.scala:516) [akka-actor-2.0.2.jar:2.0.2]
	at akka.jsr166y.ForkJoinTask.doExec(ForkJoinTask.java:259) [akka-actor-2.0.2.jar:2.0.2]
	at akka.jsr166y.ForkJoinPool$WorkQueue.runTask(ForkJoinPool.java:975) [akka-actor-2.0.2.jar:2.0.2]
	at akka.jsr166y.ForkJoinPool.runWorker(ForkJoinPool.java:1479) [akka-actor-2.0.2.jar:2.0.2]
	at akka.jsr166y.ForkJoinWorkerThread.run(ForkJoinWorkerThread.java:104) [akka-actor-2.0.2.jar:2.0.2]
Caused by: java.net.SocketException: Connection reset
	at java.net.SocketInputStream.read(SocketInputStream.java:168) ~[na:1.6.0_43]
	at java.io.BufferedInputStream.fill(BufferedInputStream.java:218) ~[na:1.6.0_43]
	at java.io.BufferedInputStream.read1(BufferedInputStream.java:258) ~[na:1.6.0_43]
	at java.io.BufferedInputStream.read(BufferedInputStream.java:317) ~[na:1.6.0_43]
	at org.bson.io.Bits.readFully(Bits.java:46) ~[mongo-java-driver-2.11.2.jar:na]
	at org.bson.io.Bits.readFully(Bits.java:33) ~[mongo-java-driver-2.11.2.jar:na]
	at org.bson.io.Bits.readFully(Bits.java:28) ~[mongo-java-driver-2.11.2.jar:na]
	at com.mongodb.Response.<init>(Response.java:40) ~[mongo-java-driver-2.11.2.jar:na]
	at com.mongodb.DBPort.go(DBPort.java:142) ~[mongo-java-driver-2.11.2.jar:na]
	at com.mongodb.DBPort.call(DBPort.java:92) ~[mongo-java-driver-2.11.2.jar:na]
	at com.mongodb.DBTCPConnector.innerCall(DBTCPConnector.java:244) ~[mongo-java-driver-2.11.2.jar:na]
	... 29 common frames omitted

2013-11-01 14:27:34,933 - [ERROR] - from akka.routing.RouterConfig$$anon$1 in play-akka.actor.default-dispatcher-10 
Read operation to server paulo.mongohq.com/54.226.71.234:10048 failed on database app18602579
com.mongodb.MongoException$Network: Read operation to server paulo.mongohq.com/54.226.71.234:10048 failed on database app18602579
	at com.mongodb.DBTCPConnector.innerCall(DBTCPConnector.java:253) ~[mongo-java-driver-2.11.2.jar:na]
	at com.mongodb.DBTCPConnector.call(DBTCPConnector.java:216) ~[mongo-java-driver-2.11.2.jar:na]
	at com.mongodb.DBApiLayer$MyCollection.__find(DBApiLayer.java:288) ~[mongo-java-driver-2.11.2.jar:na]
	at com.mongodb.DBApiLayer$MyCollection.__find(DBApiLayer.java:273) ~[mongo-java-driver-2.11.2.jar:na]
	at com.mongodb.DBCollection.findOne(DBCollection.java:728) ~[mongo-java-driver-2.11.2.jar:na]
	at com.mongodb.DBCollection.findOne(DBCollection.java:670) ~[mongo-java-driver-2.11.2.jar:na]
	at com.mongodb.casbah.MongoCollectionBase$class.findOne(MongoCollection.scala:211) ~[casbah-core_2.9.1-2.6.2.jar:2.6.2]
	at com.mongodb.casbah.MongoCollection.findOne(MongoCollection.scala:866) ~[casbah-core_2.9.1-2.6.2.jar:2.6.2]
	at models.User$.findByEmail(User.scala:42) ~[classes/:na]
	at controllers.Secured$$anonfun$IsAuthenticated$3.apply(Login.scala:70) ~[classes/:2.0.4]
	at controllers.Secured$$anonfun$IsAuthenticated$3.apply(Login.scala:67) ~[classes/:2.0.4]
	at play.api.mvc.Security$$anonfun$1$$anonfun$apply$1.apply(Security.scala:44) ~[play_2.9.1-2.0.4.jar:2.0.4]
	at play.api.mvc.Security$$anonfun$1$$anonfun$apply$1.apply(Security.scala:43) ~[play_2.9.1-2.0.4.jar:2.0.4]
	at scala.Option.map(Option.scala:133) ~[scala-library.jar:0.12.1-gilt]
	at play.api.mvc.Security$$anonfun$1.apply(Security.scala:43) ~[play_2.9.1-2.0.4.jar:2.0.4]
	at play.api.mvc.Security$$anonfun$1.apply(Security.scala:42) ~[play_2.9.1-2.0.4.jar:2.0.4]
	at play.api.mvc.BodyParser$$anon$4.apply(Action.scala:142) ~[play_2.9.1-2.0.4.jar:2.0.4]
	at play.api.mvc.BodyParser$$anon$4.apply(Action.scala:141) ~[play_2.9.1-2.0.4.jar:2.0.4]
	at play.core.ActionInvoker$$anonfun$receive$1.apply(Invoker.scala:118) ~[play_2.9.1-2.0.4.jar:2.0.4]
	at play.core.ActionInvoker$$anonfun$receive$1.apply(Invoker.scala:115) ~[play_2.9.1-2.0.4.jar:2.0.4]
	at akka.actor.Actor$class.apply(Actor.scala:318) ~[akka-actor-2.0.2.jar:2.0.2]
	at play.core.ActionInvoker.apply(Invoker.scala:113) ~[play_2.9.1-2.0.4.jar:2.0.4]
	at akka.actor.ActorCell.invoke(ActorCell.scala:626) [akka-actor-2.0.2.jar:2.0.2]
	at akka.dispatch.Mailbox.processMailbox(Mailbox.scala:197) [akka-actor-2.0.2.jar:2.0.2]
	at akka.dispatch.Mailbox.run(Mailbox.scala:179) [akka-actor-2.0.2.jar:2.0.2]
	at akka.dispatch.ForkJoinExecutorConfigurator$MailboxExecutionTask.exec(AbstractDispatcher.scala:516) [akka-actor-2.0.2.jar:2.0.2]
	at akka.jsr166y.ForkJoinTask.doExec(ForkJoinTask.java:259) [akka-actor-2.0.2.jar:2.0.2]
	at akka.jsr166y.ForkJoinPool$WorkQueue.runTask(ForkJoinPool.java:975) [akka-actor-2.0.2.jar:2.0.2]
	at akka.jsr166y.ForkJoinPool.runWorker(ForkJoinPool.java:1479) [akka-actor-2.0.2.jar:2.0.2]
	at akka.jsr166y.ForkJoinWorkerThread.run(ForkJoinWorkerThread.java:104) [akka-actor-2.0.2.jar:2.0.2]
Caused by: java.net.SocketException: Connection reset
	at java.net.SocketInputStream.read(SocketInputStream.java:168) ~[na:1.6.0_43]
	at java.io.BufferedInputStream.fill(BufferedInputStream.java:218) ~[na:1.6.0_43]
	at java.io.BufferedInputStream.read1(BufferedInputStream.java:258) ~[na:1.6.0_43]
	at java.io.BufferedInputStream.read(BufferedInputStream.java:317) ~[na:1.6.0_43]
	at org.bson.io.Bits.readFully(Bits.java:46) ~[mongo-java-driver-2.11.2.jar:na]
	at org.bson.io.Bits.readFully(Bits.java:33) ~[mongo-java-driver-2.11.2.jar:na]
	at org.bson.io.Bits.readFully(Bits.java:28) ~[mongo-java-driver-2.11.2.jar:na]
	at com.mongodb.Response.<init>(Response.java:40) ~[mongo-java-driver-2.11.2.jar:na]
	at com.mongodb.DBPort.go(DBPort.java:142) ~[mongo-java-driver-2.11.2.jar:na]
	at com.mongodb.DBPort.call(DBPort.java:92) ~[mongo-java-driver-2.11.2.jar:na]
	at com.mongodb.DBTCPConnector.innerCall(DBTCPConnector.java:244) ~[mongo-java-driver-2.11.2.jar:na]
	... 29 common frames omitted

2013-11-01 14:27:35,925 - [ERROR] - from play in play-akka.actor.promises-dispatcher-42 
Cannot invoke the action, eventually got an error: Thrown(akka.pattern.AskTimeoutException: Timed out)

2013-11-01 14:29:23,760 - [INFO] - from play in play-akka.actor.default-dispatcher-12 
Application started (Dev)

2013-11-01 14:29:50,448 - [INFO] - from play in play-akka.actor.default-dispatcher-14 
Application started (Dev)

2013-11-01 14:31:25,412 - [INFO] - from play in play-akka.actor.default-dispatcher-15 
Application started (Dev)

2013-11-01 14:33:22,757 - [INFO] - from play in play-akka.actor.default-dispatcher-17 
Application started (Dev)

2013-11-01 14:37:03,020 - [INFO] - from play in play-akka.actor.default-dispatcher-18 
Application started (Dev)

2013-11-01 14:37:28,014 - [INFO] - from play in play-akka.actor.default-dispatcher-18 
Application started (Dev)

2013-11-01 14:38:35,894 - [INFO] - from play in play-akka.actor.default-dispatcher-21 
Application started (Dev)

2013-11-01 14:41:10,914 - [INFO] - from play in play-akka.actor.default-dispatcher-24 
Application started (Dev)

2013-11-01 14:47:02,065 - [INFO] - from play in play-akka.actor.default-dispatcher-26 
Application started (Dev)

2013-11-01 14:50:17,145 - [INFO] - from play in play-akka.actor.default-dispatcher-27 
Application started (Dev)

2013-11-01 14:57:16,770 - [INFO] - from play in play-akka.actor.default-dispatcher-28 
Application started (Dev)

2013-11-01 14:58:26,973 - [INFO] - from play in play-akka.actor.default-dispatcher-29 
Application started (Dev)

2013-11-01 14:58:59,718 - [INFO] - from play in play-akka.actor.default-dispatcher-30 
Application started (Dev)

2013-11-01 15:24:35,237 - [INFO] - from play in play-akka.actor.default-dispatcher-31 
Application started (Dev)

2013-11-01 15:24:53,609 - [INFO] - from play in play-akka.actor.default-dispatcher-33 
Application started (Dev)

2013-11-01 16:16:38,060 - [INFO] - from play in play-akka.actor.default-dispatcher-34 
Application started (Dev)

2013-11-01 16:18:26,843 - [INFO] - from play in play-akka.actor.default-dispatcher-35 
Application started (Dev)

2013-11-01 16:24:25,931 - [INFO] - from play in play-akka.actor.default-dispatcher-36 
Application started (Dev)

2013-11-01 16:28:07,344 - [INFO] - from play in play-akka.actor.default-dispatcher-37 
Application started (Dev)

2013-11-01 16:30:45,960 - [INFO] - from play in play-akka.actor.default-dispatcher-39 
Application started (Dev)

2013-11-01 17:48:19,719 - [INFO] - from play in play-akka.actor.default-dispatcher-41 
Application started (Dev)

2013-11-01 17:52:38,887 - [INFO] - from play in play-akka.actor.default-dispatcher-42 
Application started (Dev)

2013-11-01 18:01:59,772 - [INFO] - from play in play-akka.actor.default-dispatcher-43 
Application started (Dev)

2013-11-01 18:02:06,974 - [ERROR] - from application in play-akka.actor.actions-dispatcher-48 


! @6g5pocbkd - Internal server error, for request [GET /send-email] ->

play.core.ActionInvoker$$anonfun$receive$1$$anon$1: Execution exception [[UnknownFormatConversionException: Conversion = ';']]
	at play.core.ActionInvoker$$anonfun$receive$1.apply(Invoker.scala:134) [play_2.9.1-2.0.4.jar:2.0.4]
	at play.core.ActionInvoker$$anonfun$receive$1.apply(Invoker.scala:115) [play_2.9.1-2.0.4.jar:2.0.4]
	at akka.actor.Actor$class.apply(Actor.scala:318) [akka-actor-2.0.2.jar:2.0.2]
	at play.core.ActionInvoker.apply(Invoker.scala:113) [play_2.9.1-2.0.4.jar:2.0.4]
	at akka.actor.ActorCell.invoke(ActorCell.scala:626) [akka-actor-2.0.2.jar:2.0.2]
	at akka.dispatch.Mailbox.processMailbox(Mailbox.scala:197) [akka-actor-2.0.2.jar:2.0.2]
	at akka.dispatch.Mailbox.run(Mailbox.scala:179) [akka-actor-2.0.2.jar:2.0.2]
	at akka.dispatch.ForkJoinExecutorConfigurator$MailboxExecutionTask.exec(AbstractDispatcher.scala:516) [akka-actor-2.0.2.jar:2.0.2]
	at akka.jsr166y.ForkJoinTask.doExec(ForkJoinTask.java:259) [akka-actor-2.0.2.jar:2.0.2]
	at akka.jsr166y.ForkJoinPool$WorkQueue.runTask(ForkJoinPool.java:975) [akka-actor-2.0.2.jar:2.0.2]
	at akka.jsr166y.ForkJoinPool.runWorker(ForkJoinPool.java:1479) [akka-actor-2.0.2.jar:2.0.2]
	at akka.jsr166y.ForkJoinWorkerThread.run(ForkJoinWorkerThread.java:104) [akka-actor-2.0.2.jar:2.0.2]
Caused by: java.util.UnknownFormatConversionException: Conversion = ';'
	at java.util.Formatter.checkText(Formatter.java:2503) ~[na:1.6.0_43]
	at java.util.Formatter.parse(Formatter.java:2485) ~[na:1.6.0_43]
	at java.util.Formatter.format(Formatter.java:2414) ~[na:1.6.0_43]
	at java.util.Formatter.format(Formatter.java:2367) ~[na:1.6.0_43]
	at java.lang.String.format(String.java:2769) ~[na:1.6.0_43]
	at scala.collection.immutable.StringLike$class.format(StringLike.scala:270) ~[scala-library.jar:0.12.1-gilt]
	at scala.collection.immutable.StringOps.format(StringOps.scala:31) ~[scala-library.jar:0.12.1-gilt]
	at models.MailSender$$anonfun$nextGameReminder$1.apply(MailSender.scala:30) ~[classes/:na]
	at models.MailSender$$anonfun$nextGameReminder$1.apply(MailSender.scala:16) ~[classes/:na]
	at scala.Option.map(Option.scala:133) ~[scala-library.jar:0.12.1-gilt]
	at models.MailSender.nextGameReminder(MailSender.scala:16) ~[classes/:na]
	at controllers.Application$$anonfun$sendEmail$1.apply(Application.scala:38) ~[classes/:2.0.4]
	at controllers.Application$$anonfun$sendEmail$1.apply(Application.scala:37) ~[classes/:2.0.4]
	at play.api.mvc.Action$$anonfun$apply$4.apply(Action.scala:204) ~[play_2.9.1-2.0.4.jar:2.0.4]
	at play.api.mvc.Action$$anonfun$apply$4.apply(Action.scala:204) ~[play_2.9.1-2.0.4.jar:2.0.4]
	at play.api.mvc.Action$$anon$1.apply(Action.scala:170) ~[play_2.9.1-2.0.4.jar:2.0.4]
	at play.core.ActionInvoker$$anonfun$receive$1$$anonfun$6.apply(Invoker.scala:126) ~[play_2.9.1-2.0.4.jar:2.0.4]
	at play.core.ActionInvoker$$anonfun$receive$1$$anonfun$6.apply(Invoker.scala:126) ~[play_2.9.1-2.0.4.jar:2.0.4]
	at play.utils.Threads$.withContextClassLoader(Threads.scala:17) ~[play_2.9.1-2.0.4.jar:2.0.4]
	at play.core.ActionInvoker$$anonfun$receive$1.apply(Invoker.scala:125) [play_2.9.1-2.0.4.jar:2.0.4]
	... 11 common frames omitted

2013-11-01 18:02:28,905 - [INFO] - from play in play-akka.actor.default-dispatcher-45 
Application started (Dev)

2013-11-01 18:02:29,032 - [ERROR] - from application in play-akka.actor.actions-dispatcher-48 


! @6g5pocbke - Internal server error, for request [GET /send-email] ->

play.core.ActionInvoker$$anonfun$receive$1$$anon$1: Execution exception [[UnknownFormatConversionException: Conversion = ';']]
	at play.core.ActionInvoker$$anonfun$receive$1.apply(Invoker.scala:134) [play_2.9.1-2.0.4.jar:2.0.4]
	at play.core.ActionInvoker$$anonfun$receive$1.apply(Invoker.scala:115) [play_2.9.1-2.0.4.jar:2.0.4]
	at akka.actor.Actor$class.apply(Actor.scala:318) [akka-actor-2.0.2.jar:2.0.2]
	at play.core.ActionInvoker.apply(Invoker.scala:113) [play_2.9.1-2.0.4.jar:2.0.4]
	at akka.actor.ActorCell.invoke(ActorCell.scala:626) [akka-actor-2.0.2.jar:2.0.2]
	at akka.dispatch.Mailbox.processMailbox(Mailbox.scala:197) [akka-actor-2.0.2.jar:2.0.2]
	at akka.dispatch.Mailbox.run(Mailbox.scala:179) [akka-actor-2.0.2.jar:2.0.2]
	at akka.dispatch.ForkJoinExecutorConfigurator$MailboxExecutionTask.exec(AbstractDispatcher.scala:516) [akka-actor-2.0.2.jar:2.0.2]
	at akka.jsr166y.ForkJoinTask.doExec(ForkJoinTask.java:259) [akka-actor-2.0.2.jar:2.0.2]
	at akka.jsr166y.ForkJoinPool$WorkQueue.runTask(ForkJoinPool.java:975) [akka-actor-2.0.2.jar:2.0.2]
	at akka.jsr166y.ForkJoinPool.runWorker(ForkJoinPool.java:1479) [akka-actor-2.0.2.jar:2.0.2]
	at akka.jsr166y.ForkJoinWorkerThread.run(ForkJoinWorkerThread.java:104) [akka-actor-2.0.2.jar:2.0.2]
Caused by: java.util.UnknownFormatConversionException: Conversion = ';'
	at java.util.Formatter.checkText(Formatter.java:2503) ~[na:1.6.0_43]
	at java.util.Formatter.parse(Formatter.java:2485) ~[na:1.6.0_43]
	at java.util.Formatter.format(Formatter.java:2414) ~[na:1.6.0_43]
	at java.util.Formatter.format(Formatter.java:2367) ~[na:1.6.0_43]
	at java.lang.String.format(String.java:2769) ~[na:1.6.0_43]
	at scala.collection.immutable.StringLike$class.format(StringLike.scala:270) ~[scala-library.jar:0.12.1-gilt]
	at scala.collection.immutable.StringOps.format(StringOps.scala:31) ~[scala-library.jar:0.12.1-gilt]
	at models.MailSender$$anonfun$nextGameReminder$1.apply(MailSender.scala:30) ~[classes/:na]
	at models.MailSender$$anonfun$nextGameReminder$1.apply(MailSender.scala:16) ~[classes/:na]
	at scala.Option.map(Option.scala:133) ~[scala-library.jar:0.12.1-gilt]
	at models.MailSender.nextGameReminder(MailSender.scala:16) ~[classes/:na]
	at controllers.Application$$anonfun$sendEmail$1.apply(Application.scala:38) ~[classes/:2.0.4]
	at controllers.Application$$anonfun$sendEmail$1.apply(Application.scala:37) ~[classes/:2.0.4]
	at play.api.mvc.Action$$anonfun$apply$4.apply(Action.scala:204) ~[play_2.9.1-2.0.4.jar:2.0.4]
	at play.api.mvc.Action$$anonfun$apply$4.apply(Action.scala:204) ~[play_2.9.1-2.0.4.jar:2.0.4]
	at play.api.mvc.Action$$anon$1.apply(Action.scala:170) ~[play_2.9.1-2.0.4.jar:2.0.4]
	at play.core.ActionInvoker$$anonfun$receive$1$$anonfun$6.apply(Invoker.scala:126) ~[play_2.9.1-2.0.4.jar:2.0.4]
	at play.core.ActionInvoker$$anonfun$receive$1$$anonfun$6.apply(Invoker.scala:126) ~[play_2.9.1-2.0.4.jar:2.0.4]
	at play.utils.Threads$.withContextClassLoader(Threads.scala:17) ~[play_2.9.1-2.0.4.jar:2.0.4]
	at play.core.ActionInvoker$$anonfun$receive$1.apply(Invoker.scala:125) [play_2.9.1-2.0.4.jar:2.0.4]
	... 11 common frames omitted

2013-11-01 18:02:34,876 - [ERROR] - from application in play-akka.actor.actions-dispatcher-50 


! @6g5pocbkf - Internal server error, for request [GET /send-email] ->

play.core.ActionInvoker$$anonfun$receive$1$$anon$1: Execution exception [[UnknownFormatConversionException: Conversion = ';']]
	at play.core.ActionInvoker$$anonfun$receive$1.apply(Invoker.scala:134) [play_2.9.1-2.0.4.jar:2.0.4]
	at play.core.ActionInvoker$$anonfun$receive$1.apply(Invoker.scala:115) [play_2.9.1-2.0.4.jar:2.0.4]
	at akka.actor.Actor$class.apply(Actor.scala:318) [akka-actor-2.0.2.jar:2.0.2]
	at play.core.ActionInvoker.apply(Invoker.scala:113) [play_2.9.1-2.0.4.jar:2.0.4]
	at akka.actor.ActorCell.invoke(ActorCell.scala:626) [akka-actor-2.0.2.jar:2.0.2]
	at akka.dispatch.Mailbox.processMailbox(Mailbox.scala:197) [akka-actor-2.0.2.jar:2.0.2]
	at akka.dispatch.Mailbox.run(Mailbox.scala:179) [akka-actor-2.0.2.jar:2.0.2]
	at akka.dispatch.ForkJoinExecutorConfigurator$MailboxExecutionTask.exec(AbstractDispatcher.scala:516) [akka-actor-2.0.2.jar:2.0.2]
	at akka.jsr166y.ForkJoinTask.doExec(ForkJoinTask.java:259) [akka-actor-2.0.2.jar:2.0.2]
	at akka.jsr166y.ForkJoinPool$WorkQueue.runTask(ForkJoinPool.java:975) [akka-actor-2.0.2.jar:2.0.2]
	at akka.jsr166y.ForkJoinPool.runWorker(ForkJoinPool.java:1479) [akka-actor-2.0.2.jar:2.0.2]
	at akka.jsr166y.ForkJoinWorkerThread.run(ForkJoinWorkerThread.java:104) [akka-actor-2.0.2.jar:2.0.2]
Caused by: java.util.UnknownFormatConversionException: Conversion = ';'
	at java.util.Formatter.checkText(Formatter.java:2503) ~[na:1.6.0_43]
	at java.util.Formatter.parse(Formatter.java:2485) ~[na:1.6.0_43]
	at java.util.Formatter.format(Formatter.java:2414) ~[na:1.6.0_43]
	at java.util.Formatter.format(Formatter.java:2367) ~[na:1.6.0_43]
	at java.lang.String.format(String.java:2769) ~[na:1.6.0_43]
	at scala.collection.immutable.StringLike$class.format(StringLike.scala:270) ~[scala-library.jar:0.12.1-gilt]
	at scala.collection.immutable.StringOps.format(StringOps.scala:31) ~[scala-library.jar:0.12.1-gilt]
	at models.MailSender$$anonfun$nextGameReminder$1.apply(MailSender.scala:30) ~[classes/:na]
	at models.MailSender$$anonfun$nextGameReminder$1.apply(MailSender.scala:16) ~[classes/:na]
	at scala.Option.map(Option.scala:133) ~[scala-library.jar:0.12.1-gilt]
	at models.MailSender.nextGameReminder(MailSender.scala:16) ~[classes/:na]
	at controllers.Application$$anonfun$sendEmail$1.apply(Application.scala:38) ~[classes/:2.0.4]
	at controllers.Application$$anonfun$sendEmail$1.apply(Application.scala:37) ~[classes/:2.0.4]
	at play.api.mvc.Action$$anonfun$apply$4.apply(Action.scala:204) ~[play_2.9.1-2.0.4.jar:2.0.4]
	at play.api.mvc.Action$$anonfun$apply$4.apply(Action.scala:204) ~[play_2.9.1-2.0.4.jar:2.0.4]
	at play.api.mvc.Action$$anon$1.apply(Action.scala:170) ~[play_2.9.1-2.0.4.jar:2.0.4]
	at play.core.ActionInvoker$$anonfun$receive$1$$anonfun$6.apply(Invoker.scala:126) ~[play_2.9.1-2.0.4.jar:2.0.4]
	at play.core.ActionInvoker$$anonfun$receive$1$$anonfun$6.apply(Invoker.scala:126) ~[play_2.9.1-2.0.4.jar:2.0.4]
	at play.utils.Threads$.withContextClassLoader(Threads.scala:17) ~[play_2.9.1-2.0.4.jar:2.0.4]
	at play.core.ActionInvoker$$anonfun$receive$1.apply(Invoker.scala:125) [play_2.9.1-2.0.4.jar:2.0.4]
	... 11 common frames omitted

2013-11-01 18:03:16,350 - [INFO] - from play in play-akka.actor.default-dispatcher-47 
Application started (Dev)

2013-11-01 18:03:19,117 - [ERROR] - from application in play-akka.actor.actions-dispatcher-51 


! @6g5pocbkg - Internal server error, for request [GET /send-email] ->

play.core.ActionInvoker$$anonfun$receive$1$$anon$1: Execution exception [[UnknownFormatConversionException: Conversion = ';']]
	at play.core.ActionInvoker$$anonfun$receive$1.apply(Invoker.scala:134) [play_2.9.1-2.0.4.jar:2.0.4]
	at play.core.ActionInvoker$$anonfun$receive$1.apply(Invoker.scala:115) [play_2.9.1-2.0.4.jar:2.0.4]
	at akka.actor.Actor$class.apply(Actor.scala:318) [akka-actor-2.0.2.jar:2.0.2]
	at play.core.ActionInvoker.apply(Invoker.scala:113) [play_2.9.1-2.0.4.jar:2.0.4]
	at akka.actor.ActorCell.invoke(ActorCell.scala:626) [akka-actor-2.0.2.jar:2.0.2]
	at akka.dispatch.Mailbox.processMailbox(Mailbox.scala:197) [akka-actor-2.0.2.jar:2.0.2]
	at akka.dispatch.Mailbox.run(Mailbox.scala:179) [akka-actor-2.0.2.jar:2.0.2]
	at akka.dispatch.ForkJoinExecutorConfigurator$MailboxExecutionTask.exec(AbstractDispatcher.scala:516) [akka-actor-2.0.2.jar:2.0.2]
	at akka.jsr166y.ForkJoinTask.doExec(ForkJoinTask.java:259) [akka-actor-2.0.2.jar:2.0.2]
	at akka.jsr166y.ForkJoinPool$WorkQueue.runTask(ForkJoinPool.java:975) [akka-actor-2.0.2.jar:2.0.2]
	at akka.jsr166y.ForkJoinPool.runWorker(ForkJoinPool.java:1479) [akka-actor-2.0.2.jar:2.0.2]
	at akka.jsr166y.ForkJoinWorkerThread.run(ForkJoinWorkerThread.java:104) [akka-actor-2.0.2.jar:2.0.2]
Caused by: java.util.UnknownFormatConversionException: Conversion = ';'
	at java.util.Formatter.checkText(Formatter.java:2503) ~[na:1.6.0_43]
	at java.util.Formatter.parse(Formatter.java:2485) ~[na:1.6.0_43]
	at java.util.Formatter.format(Formatter.java:2414) ~[na:1.6.0_43]
	at java.util.Formatter.format(Formatter.java:2367) ~[na:1.6.0_43]
	at java.lang.String.format(String.java:2769) ~[na:1.6.0_43]
	at scala.collection.immutable.StringLike$class.format(StringLike.scala:270) ~[scala-library.jar:0.12.1-gilt]
	at scala.collection.immutable.StringOps.format(StringOps.scala:31) ~[scala-library.jar:0.12.1-gilt]
	at models.MailSender$$anonfun$nextGameReminder$1.apply(MailSender.scala:28) ~[classes/:na]
	at models.MailSender$$anonfun$nextGameReminder$1.apply(MailSender.scala:16) ~[classes/:na]
	at scala.Option.map(Option.scala:133) ~[scala-library.jar:0.12.1-gilt]
	at models.MailSender.nextGameReminder(MailSender.scala:16) ~[classes/:na]
	at controllers.Application$$anonfun$sendEmail$1.apply(Application.scala:38) ~[classes/:2.0.4]
	at controllers.Application$$anonfun$sendEmail$1.apply(Application.scala:37) ~[classes/:2.0.4]
	at play.api.mvc.Action$$anonfun$apply$4.apply(Action.scala:204) ~[play_2.9.1-2.0.4.jar:2.0.4]
	at play.api.mvc.Action$$anonfun$apply$4.apply(Action.scala:204) ~[play_2.9.1-2.0.4.jar:2.0.4]
	at play.api.mvc.Action$$anon$1.apply(Action.scala:170) ~[play_2.9.1-2.0.4.jar:2.0.4]
	at play.core.ActionInvoker$$anonfun$receive$1$$anonfun$6.apply(Invoker.scala:126) ~[play_2.9.1-2.0.4.jar:2.0.4]
	at play.core.ActionInvoker$$anonfun$receive$1$$anonfun$6.apply(Invoker.scala:126) ~[play_2.9.1-2.0.4.jar:2.0.4]
	at play.utils.Threads$.withContextClassLoader(Threads.scala:17) ~[play_2.9.1-2.0.4.jar:2.0.4]
	at play.core.ActionInvoker$$anonfun$receive$1.apply(Invoker.scala:125) [play_2.9.1-2.0.4.jar:2.0.4]
	... 11 common frames omitted

2013-11-01 18:04:32,779 - [INFO] - from play in play-akka.actor.default-dispatcher-48 
Application started (Dev)

2013-11-01 18:04:34,857 - [ERROR] - from application in play-akka.actor.actions-dispatcher-52 


! @6g5pocbkh - Internal server error, for request [GET /send-email] ->

play.core.ActionInvoker$$anonfun$receive$1$$anon$1: Execution exception [[UnknownFormatConversionException: Conversion = ';']]
	at play.core.ActionInvoker$$anonfun$receive$1.apply(Invoker.scala:134) [play_2.9.1-2.0.4.jar:2.0.4]
	at play.core.ActionInvoker$$anonfun$receive$1.apply(Invoker.scala:115) [play_2.9.1-2.0.4.jar:2.0.4]
	at akka.actor.Actor$class.apply(Actor.scala:318) [akka-actor-2.0.2.jar:2.0.2]
	at play.core.ActionInvoker.apply(Invoker.scala:113) [play_2.9.1-2.0.4.jar:2.0.4]
	at akka.actor.ActorCell.invoke(ActorCell.scala:626) [akka-actor-2.0.2.jar:2.0.2]
	at akka.dispatch.Mailbox.processMailbox(Mailbox.scala:197) [akka-actor-2.0.2.jar:2.0.2]
	at akka.dispatch.Mailbox.run(Mailbox.scala:179) [akka-actor-2.0.2.jar:2.0.2]
	at akka.dispatch.ForkJoinExecutorConfigurator$MailboxExecutionTask.exec(AbstractDispatcher.scala:516) [akka-actor-2.0.2.jar:2.0.2]
	at akka.jsr166y.ForkJoinTask.doExec(ForkJoinTask.java:259) [akka-actor-2.0.2.jar:2.0.2]
	at akka.jsr166y.ForkJoinPool$WorkQueue.runTask(ForkJoinPool.java:975) [akka-actor-2.0.2.jar:2.0.2]
	at akka.jsr166y.ForkJoinPool.runWorker(ForkJoinPool.java:1479) [akka-actor-2.0.2.jar:2.0.2]
	at akka.jsr166y.ForkJoinWorkerThread.run(ForkJoinWorkerThread.java:104) [akka-actor-2.0.2.jar:2.0.2]
Caused by: java.util.UnknownFormatConversionException: Conversion = ';'
	at java.util.Formatter.checkText(Formatter.java:2503) ~[na:1.6.0_43]
	at java.util.Formatter.parse(Formatter.java:2467) ~[na:1.6.0_43]
	at java.util.Formatter.format(Formatter.java:2414) ~[na:1.6.0_43]
	at java.util.Formatter.format(Formatter.java:2367) ~[na:1.6.0_43]
	at java.lang.String.format(String.java:2769) ~[na:1.6.0_43]
	at scala.collection.immutable.StringLike$class.format(StringLike.scala:270) ~[scala-library.jar:0.12.1-gilt]
	at scala.collection.immutable.StringOps.format(StringOps.scala:31) ~[scala-library.jar:0.12.1-gilt]
	at models.MailSender$$anonfun$nextGameReminder$1.apply(MailSender.scala:45) ~[classes/:na]
	at models.MailSender$$anonfun$nextGameReminder$1.apply(MailSender.scala:16) ~[classes/:na]
	at scala.Option.map(Option.scala:133) ~[scala-library.jar:0.12.1-gilt]
	at models.MailSender.nextGameReminder(MailSender.scala:16) ~[classes/:na]
	at controllers.Application$$anonfun$sendEmail$1.apply(Application.scala:38) ~[classes/:2.0.4]
	at controllers.Application$$anonfun$sendEmail$1.apply(Application.scala:37) ~[classes/:2.0.4]
	at play.api.mvc.Action$$anonfun$apply$4.apply(Action.scala:204) ~[play_2.9.1-2.0.4.jar:2.0.4]
	at play.api.mvc.Action$$anonfun$apply$4.apply(Action.scala:204) ~[play_2.9.1-2.0.4.jar:2.0.4]
	at play.api.mvc.Action$$anon$1.apply(Action.scala:170) ~[play_2.9.1-2.0.4.jar:2.0.4]
	at play.core.ActionInvoker$$anonfun$receive$1$$anonfun$6.apply(Invoker.scala:126) ~[play_2.9.1-2.0.4.jar:2.0.4]
	at play.core.ActionInvoker$$anonfun$receive$1$$anonfun$6.apply(Invoker.scala:126) ~[play_2.9.1-2.0.4.jar:2.0.4]
	at play.utils.Threads$.withContextClassLoader(Threads.scala:17) ~[play_2.9.1-2.0.4.jar:2.0.4]
	at play.core.ActionInvoker$$anonfun$receive$1.apply(Invoker.scala:125) [play_2.9.1-2.0.4.jar:2.0.4]
	... 11 common frames omitted

2013-11-01 18:05:11,233 - [INFO] - from play in play-akka.actor.default-dispatcher-49 
Application started (Dev)

2013-11-01 18:05:45,478 - [INFO] - from play in play-akka.actor.default-dispatcher-50 
Application started (Dev)

2013-11-01 18:05:48,106 - [ERROR] - from application in play-akka.actor.actions-dispatcher-54 


! @6g5pocbki - Internal server error, for request [GET /send-email] ->

play.core.ActionInvoker$$anonfun$receive$1$$anon$1: Execution exception [[UnknownFormatConversionException: Conversion = ';']]
	at play.core.ActionInvoker$$anonfun$receive$1.apply(Invoker.scala:134) [play_2.9.1-2.0.4.jar:2.0.4]
	at play.core.ActionInvoker$$anonfun$receive$1.apply(Invoker.scala:115) [play_2.9.1-2.0.4.jar:2.0.4]
	at akka.actor.Actor$class.apply(Actor.scala:318) [akka-actor-2.0.2.jar:2.0.2]
	at play.core.ActionInvoker.apply(Invoker.scala:113) [play_2.9.1-2.0.4.jar:2.0.4]
	at akka.actor.ActorCell.invoke(ActorCell.scala:626) [akka-actor-2.0.2.jar:2.0.2]
	at akka.dispatch.Mailbox.processMailbox(Mailbox.scala:197) [akka-actor-2.0.2.jar:2.0.2]
	at akka.dispatch.Mailbox.run(Mailbox.scala:179) [akka-actor-2.0.2.jar:2.0.2]
	at akka.dispatch.ForkJoinExecutorConfigurator$MailboxExecutionTask.exec(AbstractDispatcher.scala:516) [akka-actor-2.0.2.jar:2.0.2]
	at akka.jsr166y.ForkJoinTask.doExec(ForkJoinTask.java:259) [akka-actor-2.0.2.jar:2.0.2]
	at akka.jsr166y.ForkJoinPool$WorkQueue.runTask(ForkJoinPool.java:975) [akka-actor-2.0.2.jar:2.0.2]
	at akka.jsr166y.ForkJoinPool.runWorker(ForkJoinPool.java:1479) [akka-actor-2.0.2.jar:2.0.2]
	at akka.jsr166y.ForkJoinWorkerThread.run(ForkJoinWorkerThread.java:104) [akka-actor-2.0.2.jar:2.0.2]
Caused by: java.util.UnknownFormatConversionException: Conversion = ';'
	at java.util.Formatter.checkText(Formatter.java:2503) ~[na:1.6.0_43]
	at java.util.Formatter.parse(Formatter.java:2467) ~[na:1.6.0_43]
	at java.util.Formatter.format(Formatter.java:2414) ~[na:1.6.0_43]
	at java.util.Formatter.format(Formatter.java:2367) ~[na:1.6.0_43]
	at java.lang.String.format(String.java:2769) ~[na:1.6.0_43]
	at scala.collection.immutable.StringLike$class.format(StringLike.scala:270) ~[scala-library.jar:0.12.1-gilt]
	at scala.collection.immutable.StringOps.format(StringOps.scala:31) ~[scala-library.jar:0.12.1-gilt]
	at models.MailSender$$anonfun$nextGameReminder$1.apply(MailSender.scala:45) ~[classes/:na]
	at models.MailSender$$anonfun$nextGameReminder$1.apply(MailSender.scala:16) ~[classes/:na]
	at scala.Option.map(Option.scala:133) ~[scala-library.jar:0.12.1-gilt]
	at models.MailSender.nextGameReminder(MailSender.scala:16) ~[classes/:na]
	at controllers.Application$$anonfun$sendEmail$1.apply(Application.scala:38) ~[classes/:2.0.4]
	at controllers.Application$$anonfun$sendEmail$1.apply(Application.scala:37) ~[classes/:2.0.4]
	at play.api.mvc.Action$$anonfun$apply$4.apply(Action.scala:204) ~[play_2.9.1-2.0.4.jar:2.0.4]
	at play.api.mvc.Action$$anonfun$apply$4.apply(Action.scala:204) ~[play_2.9.1-2.0.4.jar:2.0.4]
	at play.api.mvc.Action$$anon$1.apply(Action.scala:170) ~[play_2.9.1-2.0.4.jar:2.0.4]
	at play.core.ActionInvoker$$anonfun$receive$1$$anonfun$6.apply(Invoker.scala:126) ~[play_2.9.1-2.0.4.jar:2.0.4]
	at play.core.ActionInvoker$$anonfun$receive$1$$anonfun$6.apply(Invoker.scala:126) ~[play_2.9.1-2.0.4.jar:2.0.4]
	at play.utils.Threads$.withContextClassLoader(Threads.scala:17) ~[play_2.9.1-2.0.4.jar:2.0.4]
	at play.core.ActionInvoker$$anonfun$receive$1.apply(Invoker.scala:125) [play_2.9.1-2.0.4.jar:2.0.4]
	... 11 common frames omitted

2013-11-01 18:07:56,200 - [INFO] - from play in play-akka.actor.default-dispatcher-51 
Application started (Dev)

2013-11-01 18:07:58,854 - [ERROR] - from application in play-akka.actor.actions-dispatcher-55 


! @6g5pocbkj - Internal server error, for request [GET /send-email] ->

play.core.ActionInvoker$$anonfun$receive$1$$anon$1: Execution exception [[UnknownFormatConversionException: Conversion = ';']]
	at play.core.ActionInvoker$$anonfun$receive$1.apply(Invoker.scala:134) [play_2.9.1-2.0.4.jar:2.0.4]
	at play.core.ActionInvoker$$anonfun$receive$1.apply(Invoker.scala:115) [play_2.9.1-2.0.4.jar:2.0.4]
	at akka.actor.Actor$class.apply(Actor.scala:318) [akka-actor-2.0.2.jar:2.0.2]
	at play.core.ActionInvoker.apply(Invoker.scala:113) [play_2.9.1-2.0.4.jar:2.0.4]
	at akka.actor.ActorCell.invoke(ActorCell.scala:626) [akka-actor-2.0.2.jar:2.0.2]
	at akka.dispatch.Mailbox.processMailbox(Mailbox.scala:197) [akka-actor-2.0.2.jar:2.0.2]
	at akka.dispatch.Mailbox.run(Mailbox.scala:179) [akka-actor-2.0.2.jar:2.0.2]
	at akka.dispatch.ForkJoinExecutorConfigurator$MailboxExecutionTask.exec(AbstractDispatcher.scala:516) [akka-actor-2.0.2.jar:2.0.2]
	at akka.jsr166y.ForkJoinTask.doExec(ForkJoinTask.java:259) [akka-actor-2.0.2.jar:2.0.2]
	at akka.jsr166y.ForkJoinPool$WorkQueue.runTask(ForkJoinPool.java:975) [akka-actor-2.0.2.jar:2.0.2]
	at akka.jsr166y.ForkJoinPool.runWorker(ForkJoinPool.java:1479) [akka-actor-2.0.2.jar:2.0.2]
	at akka.jsr166y.ForkJoinWorkerThread.run(ForkJoinWorkerThread.java:104) [akka-actor-2.0.2.jar:2.0.2]
Caused by: java.util.UnknownFormatConversionException: Conversion = ';'
	at java.util.Formatter.checkText(Formatter.java:2503) ~[na:1.6.0_43]
	at java.util.Formatter.parse(Formatter.java:2467) ~[na:1.6.0_43]
	at java.util.Formatter.format(Formatter.java:2414) ~[na:1.6.0_43]
	at java.util.Formatter.format(Formatter.java:2367) ~[na:1.6.0_43]
	at java.lang.String.format(String.java:2769) ~[na:1.6.0_43]
	at scala.collection.immutable.StringLike$class.format(StringLike.scala:270) ~[scala-library.jar:0.12.1-gilt]
	at scala.collection.immutable.StringOps.format(StringOps.scala:31) ~[scala-library.jar:0.12.1-gilt]
	at models.MailSender$$anonfun$nextGameReminder$1.apply(MailSender.scala:37) ~[classes/:na]
	at models.MailSender$$anonfun$nextGameReminder$1.apply(MailSender.scala:16) ~[classes/:na]
	at scala.Option.map(Option.scala:133) ~[scala-library.jar:0.12.1-gilt]
	at models.MailSender.nextGameReminder(MailSender.scala:16) ~[classes/:na]
	at controllers.Application$$anonfun$sendEmail$1.apply(Application.scala:38) ~[classes/:2.0.4]
	at controllers.Application$$anonfun$sendEmail$1.apply(Application.scala:37) ~[classes/:2.0.4]
	at play.api.mvc.Action$$anonfun$apply$4.apply(Action.scala:204) ~[play_2.9.1-2.0.4.jar:2.0.4]
	at play.api.mvc.Action$$anonfun$apply$4.apply(Action.scala:204) ~[play_2.9.1-2.0.4.jar:2.0.4]
	at play.api.mvc.Action$$anon$1.apply(Action.scala:170) ~[play_2.9.1-2.0.4.jar:2.0.4]
	at play.core.ActionInvoker$$anonfun$receive$1$$anonfun$6.apply(Invoker.scala:126) ~[play_2.9.1-2.0.4.jar:2.0.4]
	at play.core.ActionInvoker$$anonfun$receive$1$$anonfun$6.apply(Invoker.scala:126) ~[play_2.9.1-2.0.4.jar:2.0.4]
	at play.utils.Threads$.withContextClassLoader(Threads.scala:17) ~[play_2.9.1-2.0.4.jar:2.0.4]
	at play.core.ActionInvoker$$anonfun$receive$1.apply(Invoker.scala:125) [play_2.9.1-2.0.4.jar:2.0.4]
	... 11 common frames omitted

2013-11-01 18:08:20,585 - [INFO] - from play in play-akka.actor.default-dispatcher-52 
Application started (Dev)

2013-11-01 18:12:40,797 - [INFO] - from play in play-akka.actor.default-dispatcher-53 
Application started (Dev)

2013-11-01 18:12:44,592 - [ERROR] - from application in play-akka.actor.actions-dispatcher-48 


! @6g5pocbkk - Internal server error, for request [GET /send-email] ->

play.core.ActionInvoker$$anonfun$receive$1$$anon$1: Execution exception [[UnknownFormatConversionException: Conversion = ';']]
	at play.core.ActionInvoker$$anonfun$receive$1.apply(Invoker.scala:134) [play_2.9.1-2.0.4.jar:2.0.4]
	at play.core.ActionInvoker$$anonfun$receive$1.apply(Invoker.scala:115) [play_2.9.1-2.0.4.jar:2.0.4]
	at akka.actor.Actor$class.apply(Actor.scala:318) [akka-actor-2.0.2.jar:2.0.2]
	at play.core.ActionInvoker.apply(Invoker.scala:113) [play_2.9.1-2.0.4.jar:2.0.4]
	at akka.actor.ActorCell.invoke(ActorCell.scala:626) [akka-actor-2.0.2.jar:2.0.2]
	at akka.dispatch.Mailbox.processMailbox(Mailbox.scala:197) [akka-actor-2.0.2.jar:2.0.2]
	at akka.dispatch.Mailbox.run(Mailbox.scala:179) [akka-actor-2.0.2.jar:2.0.2]
	at akka.dispatch.ForkJoinExecutorConfigurator$MailboxExecutionTask.exec(AbstractDispatcher.scala:516) [akka-actor-2.0.2.jar:2.0.2]
	at akka.jsr166y.ForkJoinTask.doExec(ForkJoinTask.java:259) [akka-actor-2.0.2.jar:2.0.2]
	at akka.jsr166y.ForkJoinPool$WorkQueue.runTask(ForkJoinPool.java:975) [akka-actor-2.0.2.jar:2.0.2]
	at akka.jsr166y.ForkJoinPool.runWorker(ForkJoinPool.java:1479) [akka-actor-2.0.2.jar:2.0.2]
	at akka.jsr166y.ForkJoinWorkerThread.run(ForkJoinWorkerThread.java:104) [akka-actor-2.0.2.jar:2.0.2]
Caused by: java.util.UnknownFormatConversionException: Conversion = ';'
	at java.util.Formatter.checkText(Formatter.java:2503) ~[na:1.6.0_43]
	at java.util.Formatter.parse(Formatter.java:2467) ~[na:1.6.0_43]
	at java.util.Formatter.format(Formatter.java:2414) ~[na:1.6.0_43]
	at java.util.Formatter.format(Formatter.java:2367) ~[na:1.6.0_43]
	at java.lang.String.format(String.java:2769) ~[na:1.6.0_43]
	at scala.collection.immutable.StringLike$class.format(StringLike.scala:270) ~[scala-library.jar:0.12.1-gilt]
	at scala.collection.immutable.StringOps.format(StringOps.scala:31) ~[scala-library.jar:0.12.1-gilt]
	at models.MailSender$$anonfun$nextGameReminder$1.apply(MailSender.scala:48) ~[classes/:na]
	at models.MailSender$$anonfun$nextGameReminder$1.apply(MailSender.scala:16) ~[classes/:na]
	at scala.Option.map(Option.scala:133) ~[scala-library.jar:0.12.1-gilt]
	at models.MailSender.nextGameReminder(MailSender.scala:16) ~[classes/:na]
	at controllers.Application$$anonfun$sendEmail$1.apply(Application.scala:38) ~[classes/:2.0.4]
	at controllers.Application$$anonfun$sendEmail$1.apply(Application.scala:37) ~[classes/:2.0.4]
	at play.api.mvc.Action$$anonfun$apply$4.apply(Action.scala:204) ~[play_2.9.1-2.0.4.jar:2.0.4]
	at play.api.mvc.Action$$anonfun$apply$4.apply(Action.scala:204) ~[play_2.9.1-2.0.4.jar:2.0.4]
	at play.api.mvc.Action$$anon$1.apply(Action.scala:170) ~[play_2.9.1-2.0.4.jar:2.0.4]
	at play.core.ActionInvoker$$anonfun$receive$1$$anonfun$6.apply(Invoker.scala:126) ~[play_2.9.1-2.0.4.jar:2.0.4]
	at play.core.ActionInvoker$$anonfun$receive$1$$anonfun$6.apply(Invoker.scala:126) ~[play_2.9.1-2.0.4.jar:2.0.4]
	at play.utils.Threads$.withContextClassLoader(Threads.scala:17) ~[play_2.9.1-2.0.4.jar:2.0.4]
	at play.core.ActionInvoker$$anonfun$receive$1.apply(Invoker.scala:125) [play_2.9.1-2.0.4.jar:2.0.4]
	... 11 common frames omitted

2013-11-01 18:13:08,411 - [INFO] - from play in play-akka.actor.default-dispatcher-56 
Application started (Dev)

2013-11-01 18:13:19,217 - [ERROR] - from application in play-akka.actor.actions-dispatcher-57 


! @6g5pocbkl - Internal server error, for request [GET /send-email] ->

play.core.ActionInvoker$$anonfun$receive$1$$anon$1: Execution exception [[UnknownFormatConversionException: Conversion = ';']]
	at play.core.ActionInvoker$$anonfun$receive$1.apply(Invoker.scala:134) [play_2.9.1-2.0.4.jar:2.0.4]
	at play.core.ActionInvoker$$anonfun$receive$1.apply(Invoker.scala:115) [play_2.9.1-2.0.4.jar:2.0.4]
	at akka.actor.Actor$class.apply(Actor.scala:318) [akka-actor-2.0.2.jar:2.0.2]
	at play.core.ActionInvoker.apply(Invoker.scala:113) [play_2.9.1-2.0.4.jar:2.0.4]
	at akka.actor.ActorCell.invoke(ActorCell.scala:626) [akka-actor-2.0.2.jar:2.0.2]
	at akka.dispatch.Mailbox.processMailbox(Mailbox.scala:197) [akka-actor-2.0.2.jar:2.0.2]
	at akka.dispatch.Mailbox.run(Mailbox.scala:179) [akka-actor-2.0.2.jar:2.0.2]
	at akka.dispatch.ForkJoinExecutorConfigurator$MailboxExecutionTask.exec(AbstractDispatcher.scala:516) [akka-actor-2.0.2.jar:2.0.2]
	at akka.jsr166y.ForkJoinTask.doExec(ForkJoinTask.java:259) [akka-actor-2.0.2.jar:2.0.2]
	at akka.jsr166y.ForkJoinPool$WorkQueue.runTask(ForkJoinPool.java:975) [akka-actor-2.0.2.jar:2.0.2]
	at akka.jsr166y.ForkJoinPool.runWorker(ForkJoinPool.java:1479) [akka-actor-2.0.2.jar:2.0.2]
	at akka.jsr166y.ForkJoinWorkerThread.run(ForkJoinWorkerThread.java:104) [akka-actor-2.0.2.jar:2.0.2]
Caused by: java.util.UnknownFormatConversionException: Conversion = ';'
	at java.util.Formatter.checkText(Formatter.java:2503) ~[na:1.6.0_43]
	at java.util.Formatter.parse(Formatter.java:2467) ~[na:1.6.0_43]
	at java.util.Formatter.format(Formatter.java:2414) ~[na:1.6.0_43]
	at java.util.Formatter.format(Formatter.java:2367) ~[na:1.6.0_43]
	at java.lang.String.format(String.java:2769) ~[na:1.6.0_43]
	at scala.collection.immutable.StringLike$class.format(StringLike.scala:270) ~[scala-library.jar:0.12.1-gilt]
	at scala.collection.immutable.StringOps.format(StringOps.scala:31) ~[scala-library.jar:0.12.1-gilt]
	at models.MailSender$$anonfun$nextGameReminder$1.apply(MailSender.scala:48) ~[classes/:na]
	at models.MailSender$$anonfun$nextGameReminder$1.apply(MailSender.scala:16) ~[classes/:na]
	at scala.Option.map(Option.scala:133) ~[scala-library.jar:0.12.1-gilt]
	at models.MailSender.nextGameReminder(MailSender.scala:16) ~[classes/:na]
	at controllers.Application$$anonfun$sendEmail$1.apply(Application.scala:38) ~[classes/:2.0.4]
	at controllers.Application$$anonfun$sendEmail$1.apply(Application.scala:37) ~[classes/:2.0.4]
	at play.api.mvc.Action$$anonfun$apply$4.apply(Action.scala:204) ~[play_2.9.1-2.0.4.jar:2.0.4]
	at play.api.mvc.Action$$anonfun$apply$4.apply(Action.scala:204) ~[play_2.9.1-2.0.4.jar:2.0.4]
	at play.api.mvc.Action$$anon$1.apply(Action.scala:170) ~[play_2.9.1-2.0.4.jar:2.0.4]
	at play.core.ActionInvoker$$anonfun$receive$1$$anonfun$6.apply(Invoker.scala:126) ~[play_2.9.1-2.0.4.jar:2.0.4]
	at play.core.ActionInvoker$$anonfun$receive$1$$anonfun$6.apply(Invoker.scala:126) ~[play_2.9.1-2.0.4.jar:2.0.4]
	at play.utils.Threads$.withContextClassLoader(Threads.scala:17) ~[play_2.9.1-2.0.4.jar:2.0.4]
	at play.core.ActionInvoker$$anonfun$receive$1.apply(Invoker.scala:125) [play_2.9.1-2.0.4.jar:2.0.4]
	... 11 common frames omitted

2013-11-01 18:19:43,505 - [INFO] - from play in play-akka.actor.default-dispatcher-58 
Application started (Dev)

2013-11-01 18:22:18,226 - [INFO] - from play in play-akka.actor.default-dispatcher-59 
Application started (Dev)

2013-11-01 18:29:00,473 - [INFO] - from play in play-akka.actor.default-dispatcher-60 
Application started (Dev)

2013-11-01 18:30:47,006 - [INFO] - from play in play-akka.actor.default-dispatcher-62 
Application started (Dev)

2013-11-01 22:42:36,568 - [ERROR] - from application in New I/O  worker #12 


! Internal server error, for request [GET /home] ->

sbt.PlayExceptions$CompilationException: Compilation error [Cannot write an instance of play.api.mvc.Action[(play.api.mvc.Action[play.api.mvc.AnyContent], play.api.mvc.AnyContent)] to HTTP response. Try to define a Writeable[play.api.mvc.Action[(play.api.mvc.Action[play.api.mvc.AnyContent], play.api.mvc.AnyContent)]]]
	at sbt.PlayReloader$$anon$2$$anonfun$reload$3$$anonfun$4$$anonfun$apply$12$$anonfun$apply$13.apply(PlayReloader.scala:236) ~[na:na]
	at sbt.PlayReloader$$anon$2$$anonfun$reload$3$$anonfun$4$$anonfun$apply$12$$anonfun$apply$13.apply(PlayReloader.scala:236) ~[na:na]
	at scala.Option.map(Option.scala:133) ~[scala-library.jar:0.12.1-gilt]
	at sbt.PlayReloader$$anon$2$$anonfun$reload$3$$anonfun$4$$anonfun$apply$12.apply(PlayReloader.scala:236) ~[na:na]
	at sbt.PlayReloader$$anon$2$$anonfun$reload$3$$anonfun$4$$anonfun$apply$12.apply(PlayReloader.scala:233) ~[na:na]
	at scala.Option.map(Option.scala:133) ~[scala-library.jar:0.12.1-gilt]
	at sbt.PlayReloader$$anon$2$$anonfun$reload$3$$anonfun$4.apply(PlayReloader.scala:233) ~[na:na]
	at sbt.PlayReloader$$anon$2$$anonfun$reload$3$$anonfun$4.apply(PlayReloader.scala:231) ~[na:na]
	at scala.Either$LeftProjection.map(Either.scala:183) ~[scala-library.jar:0.12.1-gilt]
	at sbt.PlayReloader$$anon$2$$anonfun$reload$3.apply(PlayReloader.scala:231) ~[na:na]
	at sbt.PlayReloader$$anon$2$$anonfun$reload$3.apply(PlayReloader.scala:226) ~[na:na]
	at scala.Option.getOrElse(Option.scala:108) ~[scala-library.jar:0.12.1-gilt]
	at sbt.PlayReloader$$anon$2.reload(PlayReloader.scala:226) ~[na:na]
	at play.core.ReloadableApplication$$anonfun$get$1.apply(ApplicationProvider.scala:110) ~[play_2.9.1-2.0.4.jar:2.0.4]
	at play.core.ReloadableApplication$$anonfun$get$1.apply(ApplicationProvider.scala:110) ~[play_2.9.1-2.0.4.jar:2.0.4]
	at akka.dispatch.Future$$anon$3.liftedTree1$1(Future.scala:195) ~[akka-actor-2.0.2.jar:2.0.2]
	at akka.dispatch.Future$$anon$3.run(Future.scala:194) ~[akka-actor-2.0.2.jar:2.0.2]
	at akka.dispatch.TaskInvocation.run(AbstractDispatcher.scala:94) ~[akka-actor-2.0.2.jar:2.0.2]
	at akka.jsr166y.ForkJoinTask$AdaptedRunnableAction.exec(ForkJoinTask.java:1381) ~[akka-actor-2.0.2.jar:2.0.2]
	at akka.jsr166y.ForkJoinTask.doExec(ForkJoinTask.java:259) ~[akka-actor-2.0.2.jar:2.0.2]
	at akka.jsr166y.ForkJoinPool$WorkQueue.runTask(ForkJoinPool.java:975) ~[akka-actor-2.0.2.jar:2.0.2]
	at akka.jsr166y.ForkJoinPool.runWorker(ForkJoinPool.java:1479) ~[akka-actor-2.0.2.jar:2.0.2]
	at akka.jsr166y.ForkJoinWorkerThread.run(ForkJoinWorkerThread.java:104) ~[akka-actor-2.0.2.jar:2.0.2]

2013-11-01 22:43:05,300 - [ERROR] - from application in New I/O  worker #12 


! Internal server error, for request [GET /home] ->

sbt.PlayExceptions$CompilationException: Compilation error [Cannot write an instance of play.api.mvc.Call to HTTP response. Try to define a Writeable[play.api.mvc.Call]]
	at sbt.PlayReloader$$anon$2$$anonfun$reload$3$$anonfun$4$$anonfun$apply$12$$anonfun$apply$13.apply(PlayReloader.scala:236) ~[na:na]
	at sbt.PlayReloader$$anon$2$$anonfun$reload$3$$anonfun$4$$anonfun$apply$12$$anonfun$apply$13.apply(PlayReloader.scala:236) ~[na:na]
	at scala.Option.map(Option.scala:133) ~[scala-library.jar:0.12.1-gilt]
	at sbt.PlayReloader$$anon$2$$anonfun$reload$3$$anonfun$4$$anonfun$apply$12.apply(PlayReloader.scala:236) ~[na:na]
	at sbt.PlayReloader$$anon$2$$anonfun$reload$3$$anonfun$4$$anonfun$apply$12.apply(PlayReloader.scala:233) ~[na:na]
	at scala.Option.map(Option.scala:133) ~[scala-library.jar:0.12.1-gilt]
	at sbt.PlayReloader$$anon$2$$anonfun$reload$3$$anonfun$4.apply(PlayReloader.scala:233) ~[na:na]
	at sbt.PlayReloader$$anon$2$$anonfun$reload$3$$anonfun$4.apply(PlayReloader.scala:231) ~[na:na]
	at scala.Either$LeftProjection.map(Either.scala:183) ~[scala-library.jar:0.12.1-gilt]
	at sbt.PlayReloader$$anon$2$$anonfun$reload$3.apply(PlayReloader.scala:231) ~[na:na]
	at sbt.PlayReloader$$anon$2$$anonfun$reload$3.apply(PlayReloader.scala:226) ~[na:na]
	at scala.Option.getOrElse(Option.scala:108) ~[scala-library.jar:0.12.1-gilt]
	at sbt.PlayReloader$$anon$2.reload(PlayReloader.scala:226) ~[na:na]
	at play.core.ReloadableApplication$$anonfun$get$1.apply(ApplicationProvider.scala:110) ~[play_2.9.1-2.0.4.jar:2.0.4]
	at play.core.ReloadableApplication$$anonfun$get$1.apply(ApplicationProvider.scala:110) ~[play_2.9.1-2.0.4.jar:2.0.4]
	at akka.dispatch.Future$$anon$3.liftedTree1$1(Future.scala:195) ~[akka-actor-2.0.2.jar:2.0.2]
	at akka.dispatch.Future$$anon$3.run(Future.scala:194) ~[akka-actor-2.0.2.jar:2.0.2]
	at akka.dispatch.TaskInvocation.run(AbstractDispatcher.scala:94) ~[akka-actor-2.0.2.jar:2.0.2]
	at akka.jsr166y.ForkJoinTask$AdaptedRunnableAction.exec(ForkJoinTask.java:1381) ~[akka-actor-2.0.2.jar:2.0.2]
	at akka.jsr166y.ForkJoinTask.doExec(ForkJoinTask.java:259) ~[akka-actor-2.0.2.jar:2.0.2]
	at akka.jsr166y.ForkJoinPool$WorkQueue.runTask(ForkJoinPool.java:975) ~[akka-actor-2.0.2.jar:2.0.2]
	at akka.jsr166y.ForkJoinPool.runWorker(ForkJoinPool.java:1479) ~[akka-actor-2.0.2.jar:2.0.2]
	at akka.jsr166y.ForkJoinWorkerThread.run(ForkJoinWorkerThread.java:104) ~[akka-actor-2.0.2.jar:2.0.2]

2013-11-01 22:45:07,482 - [INFO] - from play in play-akka.actor.default-dispatcher-3 
Application started (Dev)

2013-11-01 22:49:09,071 - [INFO] - from play in play-akka.actor.default-dispatcher-11 
Application started (Dev)

2013-11-01 22:59:27,013 - [INFO] - from play in play-akka.actor.default-dispatcher-17 
Application started (Dev)

2013-11-01 23:06:31,238 - [INFO] - from play in play-akka.actor.default-dispatcher-22 
Application started (Dev)

2013-11-01 23:08:12,215 - [INFO] - from play in play-akka.actor.default-dispatcher-24 
Application started (Dev)

2013-11-01 23:13:09,101 - [INFO] - from play in play-akka.actor.default-dispatcher-25 
Application started (Dev)

2013-11-01 23:14:03,535 - [INFO] - from play in play-akka.actor.default-dispatcher-26 
Application started (Dev)

2013-11-01 23:14:45,608 - [INFO] - from play in play-akka.actor.default-dispatcher-27 
Application started (Dev)

2013-11-01 23:18:56,777 - [INFO] - from play in play-akka.actor.default-dispatcher-30 
Application started (Dev)

2013-11-01 23:20:58,733 - [INFO] - from play in play-akka.actor.default-dispatcher-30 
Application started (Dev)

2013-11-01 23:21:19,741 - [INFO] - from play in play-akka.actor.default-dispatcher-32 
Application started (Dev)

2013-11-01 23:25:49,059 - [INFO] - from play in play-akka.actor.default-dispatcher-2 
Application started (Dev)

2013-11-01 23:25:50,183 - [ERROR] - from play in play-akka.actor.promises-dispatcher-2 
Cannot invoke the action, eventually got an error: Thrown(akka.pattern.AskTimeoutException: Timed out)

2013-11-01 23:26:46,066 - [INFO] - from play in play-akka.actor.default-dispatcher-1 
Application started (Dev)

