2013-11-03 00:04:34,216 - [INFO] - from play in play-akka.actor.default-dispatcher-2 
Application started (Dev)

2013-11-03 00:04:35,742 - [INFO] - from application in pool-12-thread-1 
ADDING NEW EMAIL MESSAGES

2013-11-03 00:05:34,573 - [INFO] - from application in pool-12-thread-2 
SENDING EMAILS

2013-11-03 00:07:34,300 - [INFO] - from application in pool-12-thread-1 
SENDING EMAILS

2013-11-03 00:09:34,308 - [INFO] - from application in pool-12-thread-1 
SENDING EMAILS

2013-11-03 00:11:34,275 - [INFO] - from application in pool-12-thread-2 
SENDING EMAILS

2013-11-03 00:13:34,275 - [INFO] - from application in pool-12-thread-2 
SENDING EMAILS

2013-11-03 00:15:34,275 - [INFO] - from application in pool-12-thread-1 
SENDING EMAILS

2013-11-03 00:17:52,239 - [INFO] - from application in pool-12-thread-1 
checking for next game to create email messages...

2013-11-03 00:17:52,243 - [INFO] - from play in play-akka.actor.default-dispatcher-2 
Application started (Dev)

2013-11-03 00:18:52,239 - [INFO] - from application in pool-12-thread-2 
checking for new emails to send...

2013-11-03 00:20:17,414 - [INFO] - from application in pool-12-thread-1 
checking for next game to create email messages...

2013-11-03 00:20:17,417 - [INFO] - from play in play-akka.actor.default-dispatcher-3 
Application started (Dev)

2013-11-03 00:20:18,543 - [ERROR] - from play in play-akka.actor.promises-dispatcher-2 
Cannot invoke the action, eventually got an error: Thrown(akka.pattern.AskTimeoutException: Timed out)

2013-11-03 00:21:17,415 - [INFO] - from application in pool-12-thread-2 
checking for new emails to send...

2013-11-03 00:26:21,390 - [INFO] - from application in pool-12-thread-1 
checking for next game to create email messages...

2013-11-03 00:26:21,395 - [INFO] - from play in play-akka.actor.default-dispatcher-2 
Application started (Dev)

2013-11-03 00:27:21,392 - [INFO] - from application in pool-12-thread-2 
checking for new emails to send...

2013-11-03 00:28:15,434 - [INFO] - from application in pool-12-thread-1 
checking for next game to create email messages...

2013-11-03 00:28:15,437 - [INFO] - from play in play-akka.actor.default-dispatcher-1 
Application started (Dev)

2013-11-03 00:29:15,435 - [INFO] - from application in pool-12-thread-2 
checking for new emails to send...

2013-11-03 00:31:25,224 - [INFO] - from application in pool-12-thread-1 
checking for next game to create email messages...

2013-11-03 00:31:25,229 - [INFO] - from play in play-akka.actor.default-dispatcher-1 
Application started (Dev)

2013-11-03 00:32:25,225 - [INFO] - from application in pool-12-thread-2 
checking for new emails to send...

2013-11-03 00:32:39,128 - [INFO] - from application in pool-101-thread-1 
checking for next game to create email messages...

2013-11-03 00:32:39,128 - [INFO] - from play in play-akka.actor.default-dispatcher-2 
Application started (Dev)

2013-11-03 00:33:22,026 - [INFO] - from application in pool-122-thread-1 
checking for next game to create email messages...

2013-11-03 00:33:22,026 - [INFO] - from play in play-akka.actor.default-dispatcher-6 
Application started (Dev)

2013-11-03 00:33:39,128 - [INFO] - from application in pool-101-thread-1 
checking for new emails to send...

2013-11-03 00:33:41,099 - [INFO] - from application in pool-143-thread-1 
checking for next game to create email messages...

2013-11-03 00:33:41,099 - [INFO] - from play in play-akka.actor.default-dispatcher-7 
Application started (Dev)

2013-11-03 00:34:22,027 - [INFO] - from application in pool-122-thread-2 
checking for new emails to send...

2013-11-03 00:34:41,099 - [INFO] - from application in pool-143-thread-1 
checking for new emails to send...

2013-11-03 00:34:56,795 - [INFO] - from application in pool-160-thread-1 
checking for next game to create email messages...

2013-11-03 00:34:56,796 - [INFO] - from play in play-akka.actor.default-dispatcher-8 
Application started (Dev)

