2013-11-02 01:44:41,286 - [INFO] - from play in play-akka.actor.default-dispatcher-1 
Application started (Dev)

2013-11-02 01:52:20,629 - [INFO] - from play in play-akka.actor.default-dispatcher-3 
Application started (Dev)

2013-11-02 01:52:21,695 - [ERROR] - from play in play-akka.actor.promises-dispatcher-2 
Cannot invoke the action, eventually got an error: Thrown(akka.pattern.AskTimeoutException: Timed out)

2013-11-02 02:21:27,147 - [INFO] - from play in play-akka.actor.default-dispatcher-1 
Application started (Dev)

2013-11-02 02:21:28,245 - [ERROR] - from play in play-akka.actor.promises-dispatcher-2 
Cannot invoke the action, eventually got an error: Thrown(akka.pattern.AskTimeoutException: Timed out)

2013-11-02 02:24:23,468 - [INFO] - from play in play-akka.actor.default-dispatcher-1 
Application started (Dev)

2013-11-02 02:24:24,529 - [ERROR] - from play in play-akka.actor.promises-dispatcher-1 
Cannot invoke the action, eventually got an error: Thrown(akka.pattern.AskTimeoutException: Timed out)

2013-11-02 02:28:03,721 - [ERROR] - from play in play-akka.actor.promises-dispatcher-4 
Cannot invoke the action, eventually got an error: Thrown(akka.pattern.AskTimeoutException: Timed out)

2013-11-02 02:45:04,995 - [INFO] - from play in play-akka.actor.default-dispatcher-1 
Application started (Dev)

2013-11-02 02:48:07,398 - [INFO] - from play in play-akka.actor.default-dispatcher-2 
Application started (Dev)

2013-11-02 02:51:25,794 - [INFO] - from play in play-akka.actor.default-dispatcher-2 
Application started (Dev)

2013-11-02 02:59:18,524 - [INFO] - from play in play-akka.actor.default-dispatcher-2 
Application started (Dev)

2013-11-02 03:00:41,899 - [INFO] - from play in play-akka.actor.default-dispatcher-1 
Application started (Dev)

2013-11-02 17:11:48,701 - [INFO] - from play in play-akka.actor.default-dispatcher-1 
Application started (Dev)

2013-11-02 17:12:44,185 - [INFO] - from play in play-akka.actor.default-dispatcher-1 
Application started (Dev)

2013-11-02 17:14:55,615 - [INFO] - from play in play-akka.actor.default-dispatcher-7 
Application started (Dev)

2013-11-02 17:16:37,843 - [INFO] - from play in play-akka.actor.default-dispatcher-8 
Application started (Dev)

2013-11-02 17:18:44,767 - [INFO] - from play in play-akka.actor.default-dispatcher-11 
Application started (Dev)

2013-11-02 17:19:37,419 - [INFO] - from play in play-akka.actor.default-dispatcher-12 
Application started (Dev)

2013-11-02 17:22:12,248 - [INFO] - from play in play-akka.actor.default-dispatcher-15 
Application started (Dev)

2013-11-02 17:25:40,012 - [ERROR] - from application in New I/O  worker #1 


! Internal server error, for request [GET /home] ->

sbt.PlayExceptions$TemplateCompilationException: Compilation error [Not parsed?]
	at sbt.PlayCommands$$anonfun$53.apply(PlayCommands.scala:466) ~[na:na]
	at sbt.PlayCommands$$anonfun$53.apply(PlayCommands.scala:442) ~[na:na]
	at sbt.Scoped$$anonfun$hf4$1.apply(Structure.scala:475) ~[na:na]
	at sbt.Scoped$$anonfun$hf4$1.apply(Structure.scala:475) ~[na:na]
	at scala.Function1$$anonfun$compose$1.apply(Function1.scala:41) ~[scala-library.jar:0.12.1-gilt]
	at sbt.Scoped$Reduced$$anonfun$combine$1$$anonfun$apply$11.apply(Structure.scala:295) ~[na:na]
	at sbt.Scoped$Reduced$$anonfun$combine$1$$anonfun$apply$11.apply(Structure.scala:295) ~[na:na]
	at sbt.$tilde$greater$$anonfun$$u2219$1.apply(TypeFunctions.scala:40) ~[na:na]
	at sbt.std.Transform$$anon$5.work(System.scala:67) ~[na:na]
	at sbt.Execute$$anonfun$submit$1$$anonfun$apply$1.apply(Execute.scala:221) ~[na:na]
	at sbt.Execute$$anonfun$submit$1$$anonfun$apply$1.apply(Execute.scala:221) ~[na:na]
	at sbt.ErrorHandling$.wideConvert(ErrorHandling.scala:18) ~[na:na]
	at sbt.Execute.work(Execute.scala:227) ~[na:na]
	at sbt.Execute$$anonfun$submit$1.apply(Execute.scala:221) ~[na:na]
	at sbt.Execute$$anonfun$submit$1.apply(Execute.scala:221) ~[na:na]
	at sbt.CompletionService$$anon$1$$anon$2.call(CompletionService.scala:26) ~[na:na]
	at java.util.concurrent.FutureTask$Sync.innerRun(FutureTask.java:303) ~[na:1.6.0_43]
	at java.util.concurrent.FutureTask.run(FutureTask.java:138) ~[na:1.6.0_43]
	at java.util.concurrent.Executors$RunnableAdapter.call(Executors.java:439) ~[na:1.6.0_43]
	at java.util.concurrent.FutureTask$Sync.innerRun(FutureTask.java:303) ~[na:1.6.0_43]
	at java.util.concurrent.FutureTask.run(FutureTask.java:138) ~[na:1.6.0_43]
	at java.util.concurrent.ThreadPoolExecutor$Worker.runTask(ThreadPoolExecutor.java:895) [na:1.6.0_43]
	at java.util.concurrent.ThreadPoolExecutor$Worker.run(ThreadPoolExecutor.java:918) [na:1.6.0_43]
	at java.lang.Thread.run(Thread.java:680) [na:1.6.0_43]

2013-11-02 17:25:47,702 - [INFO] - from play in play-akka.actor.default-dispatcher-16 
Application started (Dev)

2013-11-02 17:26:07,641 - [INFO] - from play in play-akka.actor.default-dispatcher-17 
Application started (Dev)

2013-11-02 17:27:35,249 - [INFO] - from play in play-akka.actor.default-dispatcher-18 
Application started (Dev)

2013-11-02 17:27:48,589 - [INFO] - from play in play-akka.actor.default-dispatcher-19 
Application started (Dev)

2013-11-02 17:28:26,247 - [INFO] - from play in play-akka.actor.default-dispatcher-20 
Application started (Dev)

2013-11-02 17:30:56,707 - [ERROR] - from application in New I/O  worker #1 


! Internal server error, for request [GET /home] ->

sbt.PlayExceptions$TemplateCompilationException: Compilation error [Not parsed?]
	at sbt.PlayCommands$$anonfun$53.apply(PlayCommands.scala:466) ~[na:na]
	at sbt.PlayCommands$$anonfun$53.apply(PlayCommands.scala:442) ~[na:na]
	at sbt.Scoped$$anonfun$hf4$1.apply(Structure.scala:475) ~[na:na]
	at sbt.Scoped$$anonfun$hf4$1.apply(Structure.scala:475) ~[na:na]
	at scala.Function1$$anonfun$compose$1.apply(Function1.scala:41) ~[scala-library.jar:0.12.1-gilt]
	at sbt.Scoped$Reduced$$anonfun$combine$1$$anonfun$apply$11.apply(Structure.scala:295) ~[na:na]
	at sbt.Scoped$Reduced$$anonfun$combine$1$$anonfun$apply$11.apply(Structure.scala:295) ~[na:na]
	at sbt.$tilde$greater$$anonfun$$u2219$1.apply(TypeFunctions.scala:40) ~[na:na]
	at sbt.std.Transform$$anon$5.work(System.scala:67) ~[na:na]
	at sbt.Execute$$anonfun$submit$1$$anonfun$apply$1.apply(Execute.scala:221) ~[na:na]
	at sbt.Execute$$anonfun$submit$1$$anonfun$apply$1.apply(Execute.scala:221) ~[na:na]
	at sbt.ErrorHandling$.wideConvert(ErrorHandling.scala:18) ~[na:na]
	at sbt.Execute.work(Execute.scala:227) ~[na:na]
	at sbt.Execute$$anonfun$submit$1.apply(Execute.scala:221) ~[na:na]
	at sbt.Execute$$anonfun$submit$1.apply(Execute.scala:221) ~[na:na]
	at sbt.CompletionService$$anon$1$$anon$2.call(CompletionService.scala:26) ~[na:na]
	at java.util.concurrent.FutureTask$Sync.innerRun(FutureTask.java:303) ~[na:1.6.0_43]
	at java.util.concurrent.FutureTask.run(FutureTask.java:138) ~[na:1.6.0_43]
	at java.util.concurrent.Executors$RunnableAdapter.call(Executors.java:439) ~[na:1.6.0_43]
	at java.util.concurrent.FutureTask$Sync.innerRun(FutureTask.java:303) ~[na:1.6.0_43]
	at java.util.concurrent.FutureTask.run(FutureTask.java:138) ~[na:1.6.0_43]
	at java.util.concurrent.ThreadPoolExecutor$Worker.runTask(ThreadPoolExecutor.java:895) [na:1.6.0_43]
	at java.util.concurrent.ThreadPoolExecutor$Worker.run(ThreadPoolExecutor.java:918) [na:1.6.0_43]
	at java.lang.Thread.run(Thread.java:680) [na:1.6.0_43]

2013-11-02 17:31:02,948 - [ERROR] - from application in New I/O  worker #1 


! Internal server error, for request [GET /home] ->

sbt.PlayExceptions$CompilationException: Compilation error [value isPresent is not a member of Option[models.FacebookUser]]
	at sbt.PlayReloader$$anon$2$$anonfun$reload$3$$anonfun$4$$anonfun$apply$12$$anonfun$apply$13.apply(PlayReloader.scala:236) ~[na:na]
	at sbt.PlayReloader$$anon$2$$anonfun$reload$3$$anonfun$4$$anonfun$apply$12$$anonfun$apply$13.apply(PlayReloader.scala:236) ~[na:na]
	at scala.Option.map(Option.scala:133) ~[scala-library.jar:0.12.1-gilt]
	at sbt.PlayReloader$$anon$2$$anonfun$reload$3$$anonfun$4$$anonfun$apply$12.apply(PlayReloader.scala:236) ~[na:na]
	at sbt.PlayReloader$$anon$2$$anonfun$reload$3$$anonfun$4$$anonfun$apply$12.apply(PlayReloader.scala:233) ~[na:na]
	at scala.Option.map(Option.scala:133) ~[scala-library.jar:0.12.1-gilt]
	at sbt.PlayReloader$$anon$2$$anonfun$reload$3$$anonfun$4.apply(PlayReloader.scala:233) ~[na:na]
	at sbt.PlayReloader$$anon$2$$anonfun$reload$3$$anonfun$4.apply(PlayReloader.scala:231) ~[na:na]
	at scala.Either$LeftProjection.map(Either.scala:183) ~[scala-library.jar:0.12.1-gilt]
	at sbt.PlayReloader$$anon$2$$anonfun$reload$3.apply(PlayReloader.scala:231) ~[na:na]
	at sbt.PlayReloader$$anon$2$$anonfun$reload$3.apply(PlayReloader.scala:226) ~[na:na]
	at scala.Option.getOrElse(Option.scala:108) ~[scala-library.jar:0.12.1-gilt]
	at sbt.PlayReloader$$anon$2.reload(PlayReloader.scala:226) ~[na:na]
	at play.core.ReloadableApplication$$anonfun$get$1.apply(ApplicationProvider.scala:110) ~[play_2.9.1-2.0.4.jar:2.0.4]
	at play.core.ReloadableApplication$$anonfun$get$1.apply(ApplicationProvider.scala:110) ~[play_2.9.1-2.0.4.jar:2.0.4]
	at akka.dispatch.Future$$anon$3.liftedTree1$1(Future.scala:195) ~[akka-actor-2.0.2.jar:2.0.2]
	at akka.dispatch.Future$$anon$3.run(Future.scala:194) ~[akka-actor-2.0.2.jar:2.0.2]
	at akka.dispatch.TaskInvocation.run(AbstractDispatcher.scala:94) ~[akka-actor-2.0.2.jar:2.0.2]
	at akka.jsr166y.ForkJoinTask$AdaptedRunnableAction.exec(ForkJoinTask.java:1381) ~[akka-actor-2.0.2.jar:2.0.2]
	at akka.jsr166y.ForkJoinTask.doExec(ForkJoinTask.java:259) ~[akka-actor-2.0.2.jar:2.0.2]
	at akka.jsr166y.ForkJoinPool$WorkQueue.runTask(ForkJoinPool.java:975) ~[akka-actor-2.0.2.jar:2.0.2]
	at akka.jsr166y.ForkJoinPool.runWorker(ForkJoinPool.java:1479) ~[akka-actor-2.0.2.jar:2.0.2]
	at akka.jsr166y.ForkJoinWorkerThread.run(ForkJoinWorkerThread.java:104) ~[akka-actor-2.0.2.jar:2.0.2]

2013-11-02 17:31:18,162 - [INFO] - from play in play-akka.actor.default-dispatcher-21 
Application started (Dev)

2013-11-02 17:32:45,379 - [ERROR] - from play in play-akka.actor.promises-dispatcher-85 
Cannot invoke the action, eventually got an error: Thrown(akka.pattern.AskTimeoutException: Timed out)

2013-11-02 17:36:48,752 - [INFO] - from play in play-akka.actor.default-dispatcher-30 
Application started (Dev)

2013-11-02 17:37:13,243 - [INFO] - from play in play-akka.actor.default-dispatcher-31 
Application started (Dev)

2013-11-02 17:37:42,075 - [ERROR] - from play in play-akka.actor.promises-dispatcher-131 
Cannot invoke the action, eventually got an error: Thrown(akka.pattern.AskTimeoutException: Timed out)

2013-11-02 17:57:15,001 - [ERROR] - from application in New I/O  worker #13 


! @6g68embpl - Internal server error, for request [GET /home] ->

play.api.UnexpectedException: Unexpected exception [MissingFormatArgumentException: Format specifier 's']
	at play.core.ReloadableApplication$$anonfun$get$1$$anonfun$apply$3$$anonfun$1.apply(ApplicationProvider.scala:134) ~[play_2.9.1-2.0.4.jar:2.0.4]
	at play.core.ReloadableApplication$$anonfun$get$1$$anonfun$apply$3$$anonfun$1.apply(ApplicationProvider.scala:112) ~[play_2.9.1-2.0.4.jar:2.0.4]
	at scala.Option.map(Option.scala:133) ~[scala-library.jar:0.12.1-gilt]
	at play.core.ReloadableApplication$$anonfun$get$1$$anonfun$apply$3.apply(ApplicationProvider.scala:112) ~[play_2.9.1-2.0.4.jar:2.0.4]
	at play.core.ReloadableApplication$$anonfun$get$1$$anonfun$apply$3.apply(ApplicationProvider.scala:110) ~[play_2.9.1-2.0.4.jar:2.0.4]
	at scala.Either$RightProjection.flatMap(Either.scala:277) ~[scala-library.jar:0.12.1-gilt]
	at play.core.ReloadableApplication$$anonfun$get$1.apply(ApplicationProvider.scala:110) ~[play_2.9.1-2.0.4.jar:2.0.4]
	at play.core.ReloadableApplication$$anonfun$get$1.apply(ApplicationProvider.scala:110) ~[play_2.9.1-2.0.4.jar:2.0.4]
	at akka.dispatch.Future$$anon$3.liftedTree1$1(Future.scala:195) ~[akka-actor-2.0.2.jar:2.0.2]
	at akka.dispatch.Future$$anon$3.run(Future.scala:194) ~[akka-actor-2.0.2.jar:2.0.2]
	at akka.dispatch.TaskInvocation.run(AbstractDispatcher.scala:94) ~[akka-actor-2.0.2.jar:2.0.2]
	at akka.jsr166y.ForkJoinTask$AdaptedRunnableAction.exec(ForkJoinTask.java:1381) ~[akka-actor-2.0.2.jar:2.0.2]
	at akka.jsr166y.ForkJoinTask.doExec(ForkJoinTask.java:259) ~[akka-actor-2.0.2.jar:2.0.2]
	at akka.jsr166y.ForkJoinPool$WorkQueue.runTask(ForkJoinPool.java:975) ~[akka-actor-2.0.2.jar:2.0.2]
	at akka.jsr166y.ForkJoinPool.runWorker(ForkJoinPool.java:1479) ~[akka-actor-2.0.2.jar:2.0.2]
	at akka.jsr166y.ForkJoinWorkerThread.run(ForkJoinWorkerThread.java:104) ~[akka-actor-2.0.2.jar:2.0.2]
Caused by: java.util.MissingFormatArgumentException: Format specifier 's'
	at java.util.Formatter.format(Formatter.java:2432) ~[na:1.6.0_43]
	at java.util.Formatter.format(Formatter.java:2367) ~[na:1.6.0_43]
	at java.lang.String.format(String.java:2769) ~[na:1.6.0_43]
	at scala.collection.immutable.StringLike$class.format(StringLike.scala:270) ~[scala-library.jar:0.12.1-gilt]
	at scala.collection.immutable.StringOps.format(StringOps.scala:31) ~[scala-library.jar:0.12.1-gilt]
	at models.MailScheduler$.calculateEmailOffset(MailScheduler.scala:42) ~[classes/:na]
	at models.MailScheduler.<init>(MailScheduler.scala:24) ~[classes/:na]
	at Global$$anonfun$onStart$3.apply(Global.scala:23) ~[classes/:na]
	at Global$$anonfun$onStart$3.apply(Global.scala:23) ~[classes/:na]
	at scala.collection.Iterator$class.foreach(Iterator.scala:660) ~[scala-library.jar:0.12.1-gilt]
	at scala.collection.Iterator$$anon$22.foreach(Iterator.scala:382) ~[scala-library.jar:0.12.1-gilt]
	at Global$.onStart(Global.scala:23) ~[classes/:na]
	at play.api.GlobalPlugin.onStart(Global.scala:134) ~[play_2.9.1-2.0.4.jar:2.0.4]
	at play.api.Play$$anonfun$start$1.apply(Play.scala:60) ~[play_2.9.1-2.0.4.jar:2.0.4]
	at play.api.Play$$anonfun$start$1.apply(Play.scala:60) ~[play_2.9.1-2.0.4.jar:2.0.4]
	at scala.collection.LinearSeqOptimized$class.foreach(LinearSeqOptimized.scala:59) ~[scala-library.jar:0.12.1-gilt]
	at scala.collection.immutable.List.foreach(List.scala:45) ~[scala-library.jar:0.12.1-gilt]
	at play.api.Play$.start(Play.scala:60) ~[play_2.9.1-2.0.4.jar:2.0.4]
	at play.core.ReloadableApplication$$anonfun$get$1$$anonfun$apply$3$$anonfun$1.apply(ApplicationProvider.scala:125) ~[play_2.9.1-2.0.4.jar:2.0.4]
	... 15 common frames omitted

2013-11-02 17:57:37,727 - [ERROR] - from application in New I/O  worker #13 


! @6g68embpm - Internal server error, for request [GET /home] ->

play.api.UnexpectedException: Unexpected exception [MissingFormatArgumentException: Format specifier 's']
	at play.core.ReloadableApplication$$anonfun$get$1$$anonfun$apply$3$$anonfun$1.apply(ApplicationProvider.scala:134) ~[play_2.9.1-2.0.4.jar:2.0.4]
	at play.core.ReloadableApplication$$anonfun$get$1$$anonfun$apply$3$$anonfun$1.apply(ApplicationProvider.scala:112) ~[play_2.9.1-2.0.4.jar:2.0.4]
	at scala.Option.map(Option.scala:133) ~[scala-library.jar:0.12.1-gilt]
	at play.core.ReloadableApplication$$anonfun$get$1$$anonfun$apply$3.apply(ApplicationProvider.scala:112) ~[play_2.9.1-2.0.4.jar:2.0.4]
	at play.core.ReloadableApplication$$anonfun$get$1$$anonfun$apply$3.apply(ApplicationProvider.scala:110) ~[play_2.9.1-2.0.4.jar:2.0.4]
	at scala.Either$RightProjection.flatMap(Either.scala:277) ~[scala-library.jar:0.12.1-gilt]
	at play.core.ReloadableApplication$$anonfun$get$1.apply(ApplicationProvider.scala:110) ~[play_2.9.1-2.0.4.jar:2.0.4]
	at play.core.ReloadableApplication$$anonfun$get$1.apply(ApplicationProvider.scala:110) ~[play_2.9.1-2.0.4.jar:2.0.4]
	at akka.dispatch.Future$$anon$3.liftedTree1$1(Future.scala:195) ~[akka-actor-2.0.2.jar:2.0.2]
	at akka.dispatch.Future$$anon$3.run(Future.scala:194) ~[akka-actor-2.0.2.jar:2.0.2]
	at akka.dispatch.TaskInvocation.run(AbstractDispatcher.scala:94) ~[akka-actor-2.0.2.jar:2.0.2]
	at akka.jsr166y.ForkJoinTask$AdaptedRunnableAction.exec(ForkJoinTask.java:1381) ~[akka-actor-2.0.2.jar:2.0.2]
	at akka.jsr166y.ForkJoinTask.doExec(ForkJoinTask.java:259) ~[akka-actor-2.0.2.jar:2.0.2]
	at akka.jsr166y.ForkJoinPool$WorkQueue.runTask(ForkJoinPool.java:975) ~[akka-actor-2.0.2.jar:2.0.2]
	at akka.jsr166y.ForkJoinPool.runWorker(ForkJoinPool.java:1479) ~[akka-actor-2.0.2.jar:2.0.2]
	at akka.jsr166y.ForkJoinWorkerThread.run(ForkJoinWorkerThread.java:104) ~[akka-actor-2.0.2.jar:2.0.2]
Caused by: java.util.MissingFormatArgumentException: Format specifier 's'
	at java.util.Formatter.format(Formatter.java:2432) ~[na:1.6.0_43]
	at java.util.Formatter.format(Formatter.java:2367) ~[na:1.6.0_43]
	at java.lang.String.format(String.java:2769) ~[na:1.6.0_43]
	at scala.collection.immutable.StringLike$class.format(StringLike.scala:270) ~[scala-library.jar:0.12.1-gilt]
	at scala.collection.immutable.StringOps.format(StringOps.scala:31) ~[scala-library.jar:0.12.1-gilt]
	at models.MailScheduler$.calculateEmailOffset(MailScheduler.scala:41) ~[classes/:na]
	at models.MailScheduler.<init>(MailScheduler.scala:24) ~[classes/:na]
	at Global$$anonfun$onStart$3.apply(Global.scala:23) ~[classes/:na]
	at Global$$anonfun$onStart$3.apply(Global.scala:23) ~[classes/:na]
	at scala.collection.Iterator$class.foreach(Iterator.scala:660) ~[scala-library.jar:0.12.1-gilt]
	at scala.collection.Iterator$$anon$22.foreach(Iterator.scala:382) ~[scala-library.jar:0.12.1-gilt]
	at Global$.onStart(Global.scala:23) ~[classes/:na]
	at play.api.GlobalPlugin.onStart(Global.scala:134) ~[play_2.9.1-2.0.4.jar:2.0.4]
	at play.api.Play$$anonfun$start$1.apply(Play.scala:60) ~[play_2.9.1-2.0.4.jar:2.0.4]
	at play.api.Play$$anonfun$start$1.apply(Play.scala:60) ~[play_2.9.1-2.0.4.jar:2.0.4]
	at scala.collection.LinearSeqOptimized$class.foreach(LinearSeqOptimized.scala:59) ~[scala-library.jar:0.12.1-gilt]
	at scala.collection.immutable.List.foreach(List.scala:45) ~[scala-library.jar:0.12.1-gilt]
	at play.api.Play$.start(Play.scala:60) ~[play_2.9.1-2.0.4.jar:2.0.4]
	at play.core.ReloadableApplication$$anonfun$get$1$$anonfun$apply$3$$anonfun$1.apply(ApplicationProvider.scala:125) ~[play_2.9.1-2.0.4.jar:2.0.4]
	... 15 common frames omitted

2013-11-02 17:58:14,873 - [INFO] - from play in play-akka.actor.default-dispatcher-36 
Application started (Dev)

2013-11-02 18:00:00,202 - [INFO] - from play in play-akka.actor.default-dispatcher-37 
Application started (Dev)

2013-11-02 18:01:21,905 - [INFO] - from play in play-akka.actor.default-dispatcher-38 
Application started (Dev)

2013-11-02 18:01:41,234 - [INFO] - from play in play-akka.actor.default-dispatcher-39 
Application started (Dev)

2013-11-02 18:02:49,981 - [INFO] - from play in play-akka.actor.default-dispatcher-40 
Application started (Dev)

2013-11-02 18:04:04,709 - [INFO] - from play in play-akka.actor.default-dispatcher-41 
Application started (Dev)

2013-11-02 18:05:26,967 - [INFO] - from play in play-akka.actor.default-dispatcher-42 
Application started (Dev)

2013-11-02 19:39:44,582 - [INFO] - from play in play-akka.actor.default-dispatcher-3 
Application started (Dev)

2013-11-02 19:39:45,656 - [ERROR] - from play in play-akka.actor.promises-dispatcher-2 
Cannot invoke the action, eventually got an error: Thrown(akka.pattern.AskTimeoutException: Timed out)

2013-11-02 19:43:41,804 - [INFO] - from play in play-akka.actor.default-dispatcher-2 
Application started (Dev)

2013-11-02 19:47:08,410 - [INFO] - from play in play-akka.actor.default-dispatcher-2 
Application started (Dev)

2013-11-02 20:48:43,770 - [INFO] - from play in play-akka.actor.default-dispatcher-7 
Application started (Dev)

2013-11-02 20:48:44,805 - [ERROR] - from play in play-akka.actor.promises-dispatcher-13 
Cannot invoke the action, eventually got an error: Thrown(akka.pattern.AskTimeoutException: Timed out)

2013-11-02 20:51:42,616 - [ERROR] - from play.core.ActionInvoker in play-akka.actor.default-dispatcher-9 
Read operation to server paulo.mongohq.com/54.226.71.234:10048 failed on database app18602579
com.mongodb.MongoException$Network: Read operation to server paulo.mongohq.com/54.226.71.234:10048 failed on database app18602579
	at com.mongodb.DBTCPConnector.innerCall(DBTCPConnector.java:253) ~[mongo-java-driver-2.11.2.jar:na]
	at com.mongodb.DBTCPConnector.call(DBTCPConnector.java:216) ~[mongo-java-driver-2.11.2.jar:na]
	at com.mongodb.DBApiLayer$MyCollection.__find(DBApiLayer.java:288) ~[mongo-java-driver-2.11.2.jar:na]
	at com.mongodb.DBApiLayer$MyCollection.__find(DBApiLayer.java:273) ~[mongo-java-driver-2.11.2.jar:na]
	at com.mongodb.DBCollection.findOne(DBCollection.java:728) ~[mongo-java-driver-2.11.2.jar:na]
	at com.mongodb.DBCollection.findOne(DBCollection.java:670) ~[mongo-java-driver-2.11.2.jar:na]
	at com.mongodb.casbah.MongoCollectionBase$class.findOne(MongoCollection.scala:211) ~[casbah-core_2.9.1-2.6.2.jar:2.6.2]
	at com.mongodb.casbah.MongoCollection.findOne(MongoCollection.scala:866) ~[casbah-core_2.9.1-2.6.2.jar:2.6.2]
	at models.User$.findByEmail(User.scala:42) ~[classes/:na]
	at controllers.Secured$$anonfun$IsAuthenticated$3.apply(Login.scala:70) ~[classes/:2.0.4]
	at controllers.Secured$$anonfun$IsAuthenticated$3.apply(Login.scala:67) ~[classes/:2.0.4]
	at play.api.mvc.Security$$anonfun$1$$anonfun$apply$1.apply(Security.scala:44) ~[play_2.9.1-2.0.4.jar:2.0.4]
	at play.api.mvc.Security$$anonfun$1$$anonfun$apply$1.apply(Security.scala:43) ~[play_2.9.1-2.0.4.jar:2.0.4]
	at scala.Option.map(Option.scala:133) ~[scala-library.jar:0.12.1-gilt]
	at play.api.mvc.Security$$anonfun$1.apply(Security.scala:43) ~[play_2.9.1-2.0.4.jar:2.0.4]
	at play.api.mvc.Security$$anonfun$1.apply(Security.scala:42) ~[play_2.9.1-2.0.4.jar:2.0.4]
	at play.api.mvc.BodyParser$$anon$4.apply(Action.scala:142) ~[play_2.9.1-2.0.4.jar:2.0.4]
	at play.api.mvc.BodyParser$$anon$4.apply(Action.scala:141) ~[play_2.9.1-2.0.4.jar:2.0.4]
	at play.core.ActionInvoker$$anonfun$receive$1.apply(Invoker.scala:118) ~[play_2.9.1-2.0.4.jar:2.0.4]
	at play.core.ActionInvoker$$anonfun$receive$1.apply(Invoker.scala:115) ~[play_2.9.1-2.0.4.jar:2.0.4]
	at akka.actor.Actor$class.apply(Actor.scala:318) ~[akka-actor-2.0.2.jar:2.0.2]
	at play.core.ActionInvoker.apply(Invoker.scala:113) ~[play_2.9.1-2.0.4.jar:2.0.4]
	at akka.actor.ActorCell.invoke(ActorCell.scala:626) [akka-actor-2.0.2.jar:2.0.2]
	at akka.dispatch.Mailbox.processMailbox(Mailbox.scala:197) [akka-actor-2.0.2.jar:2.0.2]
	at akka.dispatch.Mailbox.run(Mailbox.scala:179) [akka-actor-2.0.2.jar:2.0.2]
	at akka.dispatch.ForkJoinExecutorConfigurator$MailboxExecutionTask.exec(AbstractDispatcher.scala:516) [akka-actor-2.0.2.jar:2.0.2]
	at akka.jsr166y.ForkJoinTask.doExec(ForkJoinTask.java:259) [akka-actor-2.0.2.jar:2.0.2]
	at akka.jsr166y.ForkJoinPool$WorkQueue.runTask(ForkJoinPool.java:975) [akka-actor-2.0.2.jar:2.0.2]
	at akka.jsr166y.ForkJoinPool.runWorker(ForkJoinPool.java:1479) [akka-actor-2.0.2.jar:2.0.2]
	at akka.jsr166y.ForkJoinWorkerThread.run(ForkJoinWorkerThread.java:104) [akka-actor-2.0.2.jar:2.0.2]
Caused by: java.net.SocketException: Operation timed out
	at java.net.SocketInputStream.socketRead0(Native Method) ~[na:1.6.0_43]
	at java.net.SocketInputStream.read(SocketInputStream.java:129) ~[na:1.6.0_43]
	at java.io.BufferedInputStream.fill(BufferedInputStream.java:218) ~[na:1.6.0_43]
	at java.io.BufferedInputStream.read1(BufferedInputStream.java:258) ~[na:1.6.0_43]
	at java.io.BufferedInputStream.read(BufferedInputStream.java:317) ~[na:1.6.0_43]
	at org.bson.io.Bits.readFully(Bits.java:46) ~[mongo-java-driver-2.11.2.jar:na]
	at org.bson.io.Bits.readFully(Bits.java:33) ~[mongo-java-driver-2.11.2.jar:na]
	at org.bson.io.Bits.readFully(Bits.java:28) ~[mongo-java-driver-2.11.2.jar:na]
	at com.mongodb.Response.<init>(Response.java:40) ~[mongo-java-driver-2.11.2.jar:na]
	at com.mongodb.DBPort.go(DBPort.java:142) ~[mongo-java-driver-2.11.2.jar:na]
	at com.mongodb.DBPort.call(DBPort.java:92) ~[mongo-java-driver-2.11.2.jar:na]
	at com.mongodb.DBTCPConnector.innerCall(DBTCPConnector.java:244) ~[mongo-java-driver-2.11.2.jar:na]
	... 29 common frames omitted

2013-11-02 20:51:42,617 - [ERROR] - from akka.routing.RouterConfig$$anon$1 in play-akka.actor.default-dispatcher-9 
Read operation to server paulo.mongohq.com/54.226.71.234:10048 failed on database app18602579
com.mongodb.MongoException$Network: Read operation to server paulo.mongohq.com/54.226.71.234:10048 failed on database app18602579
	at com.mongodb.DBTCPConnector.innerCall(DBTCPConnector.java:253) ~[mongo-java-driver-2.11.2.jar:na]
	at com.mongodb.DBTCPConnector.call(DBTCPConnector.java:216) ~[mongo-java-driver-2.11.2.jar:na]
	at com.mongodb.DBApiLayer$MyCollection.__find(DBApiLayer.java:288) ~[mongo-java-driver-2.11.2.jar:na]
	at com.mongodb.DBApiLayer$MyCollection.__find(DBApiLayer.java:273) ~[mongo-java-driver-2.11.2.jar:na]
	at com.mongodb.DBCollection.findOne(DBCollection.java:728) ~[mongo-java-driver-2.11.2.jar:na]
	at com.mongodb.DBCollection.findOne(DBCollection.java:670) ~[mongo-java-driver-2.11.2.jar:na]
	at com.mongodb.casbah.MongoCollectionBase$class.findOne(MongoCollection.scala:211) ~[casbah-core_2.9.1-2.6.2.jar:2.6.2]
	at com.mongodb.casbah.MongoCollection.findOne(MongoCollection.scala:866) ~[casbah-core_2.9.1-2.6.2.jar:2.6.2]
	at models.User$.findByEmail(User.scala:42) ~[classes/:na]
	at controllers.Secured$$anonfun$IsAuthenticated$3.apply(Login.scala:70) ~[classes/:2.0.4]
	at controllers.Secured$$anonfun$IsAuthenticated$3.apply(Login.scala:67) ~[classes/:2.0.4]
	at play.api.mvc.Security$$anonfun$1$$anonfun$apply$1.apply(Security.scala:44) ~[play_2.9.1-2.0.4.jar:2.0.4]
	at play.api.mvc.Security$$anonfun$1$$anonfun$apply$1.apply(Security.scala:43) ~[play_2.9.1-2.0.4.jar:2.0.4]
	at scala.Option.map(Option.scala:133) ~[scala-library.jar:0.12.1-gilt]
	at play.api.mvc.Security$$anonfun$1.apply(Security.scala:43) ~[play_2.9.1-2.0.4.jar:2.0.4]
	at play.api.mvc.Security$$anonfun$1.apply(Security.scala:42) ~[play_2.9.1-2.0.4.jar:2.0.4]
	at play.api.mvc.BodyParser$$anon$4.apply(Action.scala:142) ~[play_2.9.1-2.0.4.jar:2.0.4]
	at play.api.mvc.BodyParser$$anon$4.apply(Action.scala:141) ~[play_2.9.1-2.0.4.jar:2.0.4]
	at play.core.ActionInvoker$$anonfun$receive$1.apply(Invoker.scala:118) ~[play_2.9.1-2.0.4.jar:2.0.4]
	at play.core.ActionInvoker$$anonfun$receive$1.apply(Invoker.scala:115) ~[play_2.9.1-2.0.4.jar:2.0.4]
	at akka.actor.Actor$class.apply(Actor.scala:318) ~[akka-actor-2.0.2.jar:2.0.2]
	at play.core.ActionInvoker.apply(Invoker.scala:113) ~[play_2.9.1-2.0.4.jar:2.0.4]
	at akka.actor.ActorCell.invoke(ActorCell.scala:626) [akka-actor-2.0.2.jar:2.0.2]
	at akka.dispatch.Mailbox.processMailbox(Mailbox.scala:197) [akka-actor-2.0.2.jar:2.0.2]
	at akka.dispatch.Mailbox.run(Mailbox.scala:179) [akka-actor-2.0.2.jar:2.0.2]
	at akka.dispatch.ForkJoinExecutorConfigurator$MailboxExecutionTask.exec(AbstractDispatcher.scala:516) [akka-actor-2.0.2.jar:2.0.2]
	at akka.jsr166y.ForkJoinTask.doExec(ForkJoinTask.java:259) [akka-actor-2.0.2.jar:2.0.2]
	at akka.jsr166y.ForkJoinPool$WorkQueue.runTask(ForkJoinPool.java:975) [akka-actor-2.0.2.jar:2.0.2]
	at akka.jsr166y.ForkJoinPool.runWorker(ForkJoinPool.java:1479) [akka-actor-2.0.2.jar:2.0.2]
	at akka.jsr166y.ForkJoinWorkerThread.run(ForkJoinWorkerThread.java:104) [akka-actor-2.0.2.jar:2.0.2]
Caused by: java.net.SocketException: Operation timed out
	at java.net.SocketInputStream.socketRead0(Native Method) ~[na:1.6.0_43]
	at java.net.SocketInputStream.read(SocketInputStream.java:129) ~[na:1.6.0_43]
	at java.io.BufferedInputStream.fill(BufferedInputStream.java:218) ~[na:1.6.0_43]
	at java.io.BufferedInputStream.read1(BufferedInputStream.java:258) ~[na:1.6.0_43]
	at java.io.BufferedInputStream.read(BufferedInputStream.java:317) ~[na:1.6.0_43]
	at org.bson.io.Bits.readFully(Bits.java:46) ~[mongo-java-driver-2.11.2.jar:na]
	at org.bson.io.Bits.readFully(Bits.java:33) ~[mongo-java-driver-2.11.2.jar:na]
	at org.bson.io.Bits.readFully(Bits.java:28) ~[mongo-java-driver-2.11.2.jar:na]
	at com.mongodb.Response.<init>(Response.java:40) ~[mongo-java-driver-2.11.2.jar:na]
	at com.mongodb.DBPort.go(DBPort.java:142) ~[mongo-java-driver-2.11.2.jar:na]
	at com.mongodb.DBPort.call(DBPort.java:92) ~[mongo-java-driver-2.11.2.jar:na]
	at com.mongodb.DBTCPConnector.innerCall(DBTCPConnector.java:244) ~[mongo-java-driver-2.11.2.jar:na]
	... 29 common frames omitted

2013-11-02 21:23:19,285 - [INFO] - from play in play-akka.actor.default-dispatcher-1 
Application started (Dev)

2013-11-02 21:23:20,370 - [ERROR] - from play in play-akka.actor.promises-dispatcher-1 
Cannot invoke the action, eventually got an error: Thrown(akka.pattern.AskTimeoutException: Timed out)

2013-11-02 21:28:35,970 - [INFO] - from play in play-akka.actor.default-dispatcher-3 
Application started (Dev)

2013-11-02 21:38:30,841 - [INFO] - from play in play-akka.actor.default-dispatcher-4 
Application started (Dev)

2013-11-02 21:40:44,431 - [INFO] - from play in play-akka.actor.default-dispatcher-3 
Application started (Dev)

2013-11-02 21:45:50,669 - [INFO] - from play in play-akka.actor.default-dispatcher-1 
Application started (Dev)

2013-11-02 21:48:35,824 - [INFO] - from play in play-akka.actor.default-dispatcher-3 
Application started (Dev)

2013-11-02 21:54:46,657 - [INFO] - from play in play-akka.actor.default-dispatcher-3 
Application started (Dev)

2013-11-02 21:54:47,846 - [ERROR] - from play in play-akka.actor.promises-dispatcher-2 
Cannot invoke the action, eventually got an error: Thrown(akka.pattern.AskTimeoutException: Timed out)

2013-11-02 21:55:15,291 - [INFO] - from play in play-akka.actor.default-dispatcher-2 
Application started (Dev)

2013-11-02 21:57:19,791 - [INFO] - from play in play-akka.actor.default-dispatcher-5 
Application started (Dev)

2013-11-02 22:10:20,225 - [INFO] - from play in play-akka.actor.default-dispatcher-6 
Application started (Dev)

2013-11-02 22:10:49,536 - [INFO] - from play in play-akka.actor.default-dispatcher-1 
Application started (Dev)

2013-11-02 22:12:24,102 - [INFO] - from play in play-akka.actor.default-dispatcher-2 
Application started (Dev)

2013-11-02 22:18:50,952 - [INFO] - from play in play-akka.actor.default-dispatcher-3 
Application started (Dev)

2013-11-02 22:40:16,343 - [INFO] - from play in play-akka.actor.default-dispatcher-3 
Application started (Dev)

2013-11-02 22:45:25,155 - [INFO] - from play in play-akka.actor.default-dispatcher-4 
Application started (Dev)

2013-11-02 22:58:21,970 - [INFO] - from play in play-akka.actor.default-dispatcher-2 
Application started (Dev)

2013-11-02 22:59:14,608 - [INFO] - from play in play-akka.actor.default-dispatcher-3 
Application started (Dev)

2013-11-02 23:01:16,252 - [INFO] - from play in play-akka.actor.default-dispatcher-1 
Application started (Dev)

2013-11-02 23:01:17,345 - [ERROR] - from play in play-akka.actor.promises-dispatcher-1 
Cannot invoke the action, eventually got an error: Thrown(akka.pattern.AskTimeoutException: Timed out)

2013-11-02 23:25:03,361 - [INFO] - from play in play-akka.actor.default-dispatcher-3 
Application started (Dev)

2013-11-02 23:26:30,410 - [INFO] - from play in play-akka.actor.default-dispatcher-6 
Application started (Dev)

2013-11-02 23:27:52,246 - [INFO] - from play in play-akka.actor.default-dispatcher-3 
Application started (Dev)

2013-11-02 23:27:53,368 - [ERROR] - from play in play-akka.actor.promises-dispatcher-2 
Cannot invoke the action, eventually got an error: Thrown(akka.pattern.AskTimeoutException: Timed out)

2013-11-02 23:40:10,160 - [INFO] - from play in play-akka.actor.default-dispatcher-4 
Application started (Dev)

2013-11-02 23:41:24,519 - [INFO] - from play in play-akka.actor.default-dispatcher-1 
Application started (Dev)

2013-11-02 23:46:55,902 - [INFO] - from play in play-akka.actor.default-dispatcher-3 
Application started (Dev)

2013-11-02 23:46:56,969 - [ERROR] - from play in play-akka.actor.promises-dispatcher-2 
Cannot invoke the action, eventually got an error: Thrown(akka.pattern.AskTimeoutException: Timed out)

2013-11-02 23:51:23,599 - [INFO] - from play in play-akka.actor.default-dispatcher-4 
Application started (Dev)

2013-11-02 23:55:15,173 - [INFO] - from play in play-akka.actor.default-dispatcher-3 
Application started (Dev)

